2025-05-02 13:18:16,974 - INFO - Found 15 PDF files in resume/
2025-05-02 13:18:16,974 - INFO - 
Processing file 1/15: RE - Nagasai Vuppala.pdf
2025-05-02 13:18:16,974 - INFO - Processing resume: resume/RE - Nagasai Vuppala.pdf
2025-05-02 13:18:17,007 - INFO - Extracted 79 text elements
2025-05-02 13:18:17,013 - WARNING - CropBox missing from /Page, defaulting to MediaBox
2025-05-02 13:18:17,014 - WARNING - CropBox missing from /Page, defaulting to MediaBox
2025-05-02 13:18:17,014 - INFO - Layout orientation: Horizontal
2025-05-02 13:18:17,020 - WARNING - CropBox missing from /Page, defaulting to MediaBox
2025-05-02 13:18:17,020 - WARNING - CropBox missing from /Page, defaulting to MediaBox
2025-05-02 13:18:17,020 - INFO - Layout analysis: Single-column
2025-05-02 13:18:17,020 - INFO - Column divider at x-coordinate: 367.2
2025-05-02 13:18:17,020 - ERROR - Error parsing resume resume/RE - Nagasai Vuppala.pdf: 'bool' object is not subscriptable
2025-05-02 13:18:17,020 - ERROR - Traceback (most recent call last):
  File "/Users/tanishvardhineni/Downloads/ats-algo/resume-horizontal-v2.py", line 867, in parse_resume
    headings = identify_section_headings(elements, column_divider, is_multi_column, is_vertical_layout)
  File "/Users/tanishvardhineni/Downloads/ats-algo/resume-horizontal-v2.py", line 455, in identify_section_headings
    heading_confidence = calculate_heading_confidence(elem, elements, font_metrics)
  File "/Users/tanishvardhineni/Downloads/ats-algo/resume-horizontal-v2.py", line 406, in calculate_heading_confidence
    if font_metrics["heading_size_threshold"] > 0:
TypeError: 'bool' object is not subscriptable

2025-05-02 13:18:17,020 - INFO - 
Processing file 2/15: jobresume - sowmya Reddy.pdf
2025-05-02 13:18:17,020 - INFO - Processing resume: resume/jobresume - sowmya Reddy.pdf
2025-05-02 13:18:17,040 - INFO - Extracted 95 text elements
2025-05-02 13:18:17,042 - INFO - Layout orientation: Horizontal
2025-05-02 13:18:17,043 - INFO - Layout analysis: Single-column
2025-05-02 13:18:17,043 - INFO - Column divider at x-coordinate: 367.2
2025-05-02 13:18:17,043 - ERROR - Error parsing resume resume/jobresume - sowmya Reddy.pdf: 'bool' object is not subscriptable
2025-05-02 13:18:17,043 - ERROR - Traceback (most recent call last):
  File "/Users/tanishvardhineni/Downloads/ats-algo/resume-horizontal-v2.py", line 867, in parse_resume
    headings = identify_section_headings(elements, column_divider, is_multi_column, is_vertical_layout)
  File "/Users/tanishvardhineni/Downloads/ats-algo/resume-horizontal-v2.py", line 455, in identify_section_headings
    heading_confidence = calculate_heading_confidence(elem, elements, font_metrics)
  File "/Users/tanishvardhineni/Downloads/ats-algo/resume-horizontal-v2.py", line 406, in calculate_heading_confidence
    if font_metrics["heading_size_threshold"] > 0:
TypeError: 'bool' object is not subscriptable

2025-05-02 13:18:17,043 - INFO - 
Processing file 3/15: My_New_Resume_Pro_3_vir - Aditya Patki.pdf
2025-05-02 13:18:17,043 - INFO - Processing resume: resume/My_New_Resume_Pro_3_vir - Aditya Patki.pdf
2025-05-02 13:18:17,073 - INFO - Extracted 125 text elements
2025-05-02 13:18:17,076 - WARNING - CropBox missing from /Page, defaulting to MediaBox
2025-05-02 13:18:17,076 - WARNING - CropBox missing from /Page, defaulting to MediaBox
2025-05-02 13:18:17,076 - INFO - Layout orientation: Vertical
2025-05-02 13:18:17,077 - WARNING - CropBox missing from /Page, defaulting to MediaBox
2025-05-02 13:18:17,077 - WARNING - CropBox missing from /Page, defaulting to MediaBox
2025-05-02 13:18:17,078 - INFO - Layout analysis: Single-column
2025-05-02 13:18:17,078 - INFO - Column divider at x-coordinate: 367.2
2025-05-02 13:18:17,078 - ERROR - Error parsing resume resume/My_New_Resume_Pro_3_vir - Aditya Patki.pdf: 'bool' object is not subscriptable
2025-05-02 13:18:17,078 - ERROR - Traceback (most recent call last):
  File "/Users/tanishvardhineni/Downloads/ats-algo/resume-horizontal-v2.py", line 867, in parse_resume
    headings = identify_section_headings(elements, column_divider, is_multi_column, is_vertical_layout)
  File "/Users/tanishvardhineni/Downloads/ats-algo/resume-horizontal-v2.py", line 455, in identify_section_headings
    heading_confidence = calculate_heading_confidence(elem, elements, font_metrics)
  File "/Users/tanishvardhineni/Downloads/ats-algo/resume-horizontal-v2.py", line 406, in calculate_heading_confidence
    if font_metrics["heading_size_threshold"] > 0:
TypeError: 'bool' object is not subscriptable

2025-05-02 13:18:17,078 - INFO - 
Processing file 4/15: Pavan Final Resume - PAVAN TAGORE KANALA.pdf
2025-05-02 13:18:17,078 - INFO - Processing resume: resume/Pavan Final Resume - PAVAN TAGORE KANALA.pdf
2025-05-02 13:18:17,090 - INFO - Extracted 66 text elements
2025-05-02 13:18:17,092 - INFO - Layout orientation: Vertical
2025-05-02 13:18:17,093 - INFO - Layout analysis: Single-column
2025-05-02 13:18:17,093 - INFO - Column divider at x-coordinate: 357.3
2025-05-02 13:18:17,093 - ERROR - Error parsing resume resume/Pavan Final Resume - PAVAN TAGORE KANALA.pdf: 'bool' object is not subscriptable
2025-05-02 13:18:17,093 - ERROR - Traceback (most recent call last):
  File "/Users/tanishvardhineni/Downloads/ats-algo/resume-horizontal-v2.py", line 867, in parse_resume
    headings = identify_section_headings(elements, column_divider, is_multi_column, is_vertical_layout)
  File "/Users/tanishvardhineni/Downloads/ats-algo/resume-horizontal-v2.py", line 455, in identify_section_headings
    heading_confidence = calculate_heading_confidence(elem, elements, font_metrics)
  File "/Users/tanishvardhineni/Downloads/ats-algo/resume-horizontal-v2.py", line 406, in calculate_heading_confidence
    if font_metrics["heading_size_threshold"] > 0:
TypeError: 'bool' object is not subscriptable

2025-05-02 13:18:17,093 - INFO - 
Processing file 5/15: Tanish_Resume_Mar25.pdf
2025-05-02 13:18:17,093 - INFO - Processing resume: resume/Tanish_Resume_Mar25.pdf
2025-05-02 13:18:17,113 - INFO - Extracted 115 text elements
2025-05-02 13:18:17,117 - WARNING - CropBox missing from /Page, defaulting to MediaBox
2025-05-02 13:18:17,117 - WARNING - CropBox missing from /Page, defaulting to MediaBox
2025-05-02 13:18:17,117 - INFO - Layout orientation: Horizontal
2025-05-02 13:18:17,121 - WARNING - CropBox missing from /Page, defaulting to MediaBox
2025-05-02 13:18:17,122 - WARNING - CropBox missing from /Page, defaulting to MediaBox
2025-05-02 13:18:17,122 - INFO - Layout analysis: Single-column
2025-05-02 13:18:17,122 - INFO - Column divider at x-coordinate: 357.16799999999995
2025-05-02 13:18:17,122 - ERROR - Error parsing resume resume/Tanish_Resume_Mar25.pdf: 'bool' object is not subscriptable
2025-05-02 13:18:17,122 - ERROR - Traceback (most recent call last):
  File "/Users/tanishvardhineni/Downloads/ats-algo/resume-horizontal-v2.py", line 867, in parse_resume
    headings = identify_section_headings(elements, column_divider, is_multi_column, is_vertical_layout)
  File "/Users/tanishvardhineni/Downloads/ats-algo/resume-horizontal-v2.py", line 455, in identify_section_headings
    heading_confidence = calculate_heading_confidence(elem, elements, font_metrics)
  File "/Users/tanishvardhineni/Downloads/ats-algo/resume-horizontal-v2.py", line 406, in calculate_heading_confidence
    if font_metrics["heading_size_threshold"] > 0:
TypeError: 'bool' object is not subscriptable

2025-05-02 13:18:17,122 - INFO - 
Processing file 6/15: resume - Pranay Reddy.pdf
2025-05-02 13:18:17,122 - INFO - Processing resume: resume/resume - Pranay Reddy.pdf
2025-05-02 13:18:17,136 - INFO - Extracted 53 text elements
2025-05-02 13:18:17,137 - INFO - Layout orientation: Horizontal
2025-05-02 13:18:17,138 - INFO - Layout analysis: Single-column
2025-05-02 13:18:17,138 - INFO - Column divider at x-coordinate: 357.3
2025-05-02 13:18:17,138 - ERROR - Error parsing resume resume/resume - Pranay Reddy.pdf: 'bool' object is not subscriptable
2025-05-02 13:18:17,138 - ERROR - Traceback (most recent call last):
  File "/Users/tanishvardhineni/Downloads/ats-algo/resume-horizontal-v2.py", line 867, in parse_resume
    headings = identify_section_headings(elements, column_divider, is_multi_column, is_vertical_layout)
  File "/Users/tanishvardhineni/Downloads/ats-algo/resume-horizontal-v2.py", line 455, in identify_section_headings
    heading_confidence = calculate_heading_confidence(elem, elements, font_metrics)
  File "/Users/tanishvardhineni/Downloads/ats-algo/resume-horizontal-v2.py", line 406, in calculate_heading_confidence
    if font_metrics["heading_size_threshold"] > 0:
TypeError: 'bool' object is not subscriptable

2025-05-02 13:18:17,138 - INFO - 
Processing file 7/15: resumenew.pdf
2025-05-02 13:18:17,138 - INFO - Processing resume: resume/resumenew.pdf
2025-05-02 13:18:17,153 - INFO - Extracted 71 text elements
2025-05-02 13:18:17,154 - WARNING - CropBox missing from /Page, defaulting to MediaBox
2025-05-02 13:18:17,155 - WARNING - CropBox missing from /Page, defaulting to MediaBox
2025-05-02 13:18:17,155 - INFO - Layout orientation: Horizontal
2025-05-02 13:18:17,156 - WARNING - CropBox missing from /Page, defaulting to MediaBox
2025-05-02 13:18:17,156 - WARNING - CropBox missing from /Page, defaulting to MediaBox
2025-05-02 13:18:17,156 - INFO - Layout analysis: Single-column
2025-05-02 13:18:17,156 - INFO - Column divider at x-coordinate: 356.975976
2025-05-02 13:18:17,156 - ERROR - Error parsing resume resume/resumenew.pdf: 'bool' object is not subscriptable
2025-05-02 13:18:17,156 - ERROR - Traceback (most recent call last):
  File "/Users/tanishvardhineni/Downloads/ats-algo/resume-horizontal-v2.py", line 867, in parse_resume
    headings = identify_section_headings(elements, column_divider, is_multi_column, is_vertical_layout)
  File "/Users/tanishvardhineni/Downloads/ats-algo/resume-horizontal-v2.py", line 455, in identify_section_headings
    heading_confidence = calculate_heading_confidence(elem, elements, font_metrics)
  File "/Users/tanishvardhineni/Downloads/ats-algo/resume-horizontal-v2.py", line 406, in calculate_heading_confidence
    if font_metrics["heading_size_threshold"] > 0:
TypeError: 'bool' object is not subscriptable

2025-05-02 13:18:17,156 - INFO - 
Processing file 8/15: Maulie_Kothari_CV - Maulie Kothari.pdf
2025-05-02 13:18:17,156 - INFO - Processing resume: resume/Maulie_Kothari_CV - Maulie Kothari.pdf
2025-05-02 13:18:17,186 - INFO - Extracted 130 text elements
2025-05-02 13:18:17,188 - WARNING - CropBox missing from /Page, defaulting to MediaBox
2025-05-02 13:18:17,188 - WARNING - CropBox missing from /Page, defaulting to MediaBox
2025-05-02 13:18:17,188 - INFO - Layout orientation: Horizontal
2025-05-02 13:18:17,189 - WARNING - CropBox missing from /Page, defaulting to MediaBox
2025-05-02 13:18:17,189 - WARNING - CropBox missing from /Page, defaulting to MediaBox
2025-05-02 13:18:17,189 - INFO - Layout analysis: Single-column
2025-05-02 13:18:17,189 - INFO - Column divider at x-coordinate: 356.976
2025-05-02 13:18:17,189 - ERROR - Error parsing resume resume/Maulie_Kothari_CV - Maulie Kothari.pdf: 'bool' object is not subscriptable
2025-05-02 13:18:17,189 - ERROR - Traceback (most recent call last):
  File "/Users/tanishvardhineni/Downloads/ats-algo/resume-horizontal-v2.py", line 867, in parse_resume
    headings = identify_section_headings(elements, column_divider, is_multi_column, is_vertical_layout)
  File "/Users/tanishvardhineni/Downloads/ats-algo/resume-horizontal-v2.py", line 455, in identify_section_headings
    heading_confidence = calculate_heading_confidence(elem, elements, font_metrics)
  File "/Users/tanishvardhineni/Downloads/ats-algo/resume-horizontal-v2.py", line 406, in calculate_heading_confidence
    if font_metrics["heading_size_threshold"] > 0:
TypeError: 'bool' object is not subscriptable

2025-05-02 13:18:17,189 - INFO - 
Processing file 9/15: Sathwik-Reddy-Thalla-CV.pdf
2025-05-02 13:18:17,189 - INFO - Processing resume: resume/Sathwik-Reddy-Thalla-CV.pdf
2025-05-02 13:18:17,208 - INFO - Extracted 83 text elements
2025-05-02 13:18:17,209 - WARNING - CropBox missing from /Page, defaulting to MediaBox
2025-05-02 13:18:17,209 - WARNING - CropBox missing from /Page, defaulting to MediaBox
2025-05-02 13:18:17,209 - INFO - Layout orientation: Vertical
2025-05-02 13:18:17,210 - WARNING - CropBox missing from /Page, defaulting to MediaBox
2025-05-02 13:18:17,210 - WARNING - CropBox missing from /Page, defaulting to MediaBox
2025-05-02 13:18:17,210 - INFO - Layout analysis: Single-column
2025-05-02 13:18:17,210 - INFO - Column divider at x-coordinate: 356.975976
2025-05-02 13:18:17,210 - ERROR - Error parsing resume resume/Sathwik-Reddy-Thalla-CV.pdf: 'bool' object is not subscriptable
2025-05-02 13:18:17,210 - ERROR - Traceback (most recent call last):
  File "/Users/tanishvardhineni/Downloads/ats-algo/resume-horizontal-v2.py", line 867, in parse_resume
    headings = identify_section_headings(elements, column_divider, is_multi_column, is_vertical_layout)
  File "/Users/tanishvardhineni/Downloads/ats-algo/resume-horizontal-v2.py", line 455, in identify_section_headings
    heading_confidence = calculate_heading_confidence(elem, elements, font_metrics)
  File "/Users/tanishvardhineni/Downloads/ats-algo/resume-horizontal-v2.py", line 406, in calculate_heading_confidence
    if font_metrics["heading_size_threshold"] > 0:
TypeError: 'bool' object is not subscriptable

2025-05-02 13:18:17,210 - INFO - 
Processing file 10/15: TejasaisumukhTammanaResume - Tejasaisumukh Tammana.pdf
2025-05-02 13:18:17,210 - INFO - Processing resume: resume/TejasaisumukhTammanaResume - Tejasaisumukh Tammana.pdf
2025-05-02 13:18:17,219 - INFO - Extracted 38 text elements
2025-05-02 13:18:17,222 - WARNING - CropBox missing from /Page, defaulting to MediaBox
2025-05-02 13:18:17,222 - WARNING - CropBox missing from /Page, defaulting to MediaBox
2025-05-02 13:18:17,222 - INFO - Layout orientation: Vertical
2025-05-02 13:18:17,225 - WARNING - CropBox missing from /Page, defaulting to MediaBox
2025-05-02 13:18:17,225 - WARNING - CropBox missing from /Page, defaulting to MediaBox
2025-05-02 13:18:17,225 - INFO - Layout analysis: Single-column
2025-05-02 13:18:17,225 - INFO - Column divider at x-coordinate: 357.551988
2025-05-02 13:18:17,225 - ERROR - Error parsing resume resume/TejasaisumukhTammanaResume - Tejasaisumukh Tammana.pdf: 'bool' object is not subscriptable
2025-05-02 13:18:17,226 - ERROR - Traceback (most recent call last):
  File "/Users/tanishvardhineni/Downloads/ats-algo/resume-horizontal-v2.py", line 867, in parse_resume
    headings = identify_section_headings(elements, column_divider, is_multi_column, is_vertical_layout)
  File "/Users/tanishvardhineni/Downloads/ats-algo/resume-horizontal-v2.py", line 455, in identify_section_headings
    heading_confidence = calculate_heading_confidence(elem, elements, font_metrics)
  File "/Users/tanishvardhineni/Downloads/ats-algo/resume-horizontal-v2.py", line 406, in calculate_heading_confidence
    if font_metrics["heading_size_threshold"] > 0:
TypeError: 'bool' object is not subscriptable

2025-05-02 13:18:17,226 - INFO - 
Processing file 11/15: Vinod_s_Resume.pdf
2025-05-02 13:18:17,226 - INFO - Processing resume: resume/Vinod_s_Resume.pdf
2025-05-02 13:18:17,245 - INFO - Extracted 86 text elements
2025-05-02 13:18:17,251 - WARNING - CropBox missing from /Page, defaulting to MediaBox
2025-05-02 13:18:17,251 - WARNING - CropBox missing from /Page, defaulting to MediaBox
2025-05-02 13:18:17,251 - INFO - Layout orientation: Vertical
2025-05-02 13:18:17,262 - WARNING - CropBox missing from /Page, defaulting to MediaBox
2025-05-02 13:18:17,262 - WARNING - CropBox missing from /Page, defaulting to MediaBox
2025-05-02 13:18:17,262 - INFO - Layout analysis: Single-column
2025-05-02 13:18:17,263 - INFO - Column divider at x-coordinate: 367.2
2025-05-02 13:18:17,263 - ERROR - Error parsing resume resume/Vinod_s_Resume.pdf: 'bool' object is not subscriptable
2025-05-02 13:18:17,263 - ERROR - Traceback (most recent call last):
  File "/Users/tanishvardhineni/Downloads/ats-algo/resume-horizontal-v2.py", line 867, in parse_resume
    headings = identify_section_headings(elements, column_divider, is_multi_column, is_vertical_layout)
  File "/Users/tanishvardhineni/Downloads/ats-algo/resume-horizontal-v2.py", line 455, in identify_section_headings
    heading_confidence = calculate_heading_confidence(elem, elements, font_metrics)
  File "/Users/tanishvardhineni/Downloads/ats-algo/resume-horizontal-v2.py", line 406, in calculate_heading_confidence
    if font_metrics["heading_size_threshold"] > 0:
TypeError: 'bool' object is not subscriptable

2025-05-02 13:18:17,263 - INFO - 
Processing file 12/15: Monish Muskar Resume (2).pdf
2025-05-02 13:18:17,263 - INFO - Processing resume: resume/Monish Muskar Resume (2).pdf
2025-05-02 13:18:17,293 - INFO - Extracted 73 text elements
2025-05-02 13:18:17,294 - INFO - Layout orientation: Vertical
2025-05-02 13:18:17,295 - INFO - Layout analysis: Single-column
2025-05-02 13:18:17,295 - INFO - Column divider at x-coordinate: 357.3
2025-05-02 13:18:17,295 - ERROR - Error parsing resume resume/Monish Muskar Resume (2).pdf: 'bool' object is not subscriptable
2025-05-02 13:18:17,295 - ERROR - Traceback (most recent call last):
  File "/Users/tanishvardhineni/Downloads/ats-algo/resume-horizontal-v2.py", line 867, in parse_resume
    headings = identify_section_headings(elements, column_divider, is_multi_column, is_vertical_layout)
  File "/Users/tanishvardhineni/Downloads/ats-algo/resume-horizontal-v2.py", line 455, in identify_section_headings
    heading_confidence = calculate_heading_confidence(elem, elements, font_metrics)
  File "/Users/tanishvardhineni/Downloads/ats-algo/resume-horizontal-v2.py", line 406, in calculate_heading_confidence
    if font_metrics["heading_size_threshold"] > 0:
TypeError: 'bool' object is not subscriptable

2025-05-02 13:18:17,295 - INFO - 
Processing file 13/15: CV - Yamuna Devi.pdf
2025-05-02 13:18:17,295 - INFO - Processing resume: resume/CV - Yamuna Devi.pdf
2025-05-02 13:18:17,306 - INFO - Extracted 65 text elements
2025-05-02 13:18:17,307 - WARNING - CropBox missing from /Page, defaulting to MediaBox
2025-05-02 13:18:17,307 - WARNING - CropBox missing from /Page, defaulting to MediaBox
2025-05-02 13:18:17,307 - INFO - Layout orientation: Vertical
2025-05-02 13:18:17,308 - WARNING - CropBox missing from /Page, defaulting to MediaBox
2025-05-02 13:18:17,308 - WARNING - CropBox missing from /Page, defaulting to MediaBox
2025-05-02 13:18:17,308 - INFO - Layout analysis: Single-column
2025-05-02 13:18:17,308 - INFO - Column divider at x-coordinate: 356.975976
2025-05-02 13:18:17,308 - ERROR - Error parsing resume resume/CV - Yamuna Devi.pdf: 'bool' object is not subscriptable
2025-05-02 13:18:17,308 - ERROR - Traceback (most recent call last):
  File "/Users/tanishvardhineni/Downloads/ats-algo/resume-horizontal-v2.py", line 867, in parse_resume
    headings = identify_section_headings(elements, column_divider, is_multi_column, is_vertical_layout)
  File "/Users/tanishvardhineni/Downloads/ats-algo/resume-horizontal-v2.py", line 455, in identify_section_headings
    heading_confidence = calculate_heading_confidence(elem, elements, font_metrics)
  File "/Users/tanishvardhineni/Downloads/ats-algo/resume-horizontal-v2.py", line 406, in calculate_heading_confidence
    if font_metrics["heading_size_threshold"] > 0:
TypeError: 'bool' object is not subscriptable

2025-05-02 13:18:17,308 - INFO - 
Processing file 14/15: Resumee.pdf
2025-05-02 13:18:17,309 - INFO - Processing resume: resume/Resumee.pdf
2025-05-02 13:18:17,333 - INFO - Extracted 188 text elements
2025-05-02 13:18:17,334 - WARNING - CropBox missing from /Page, defaulting to MediaBox
2025-05-02 13:18:17,334 - WARNING - CropBox missing from /Page, defaulting to MediaBox
2025-05-02 13:18:17,334 - INFO - Layout orientation: Vertical
2025-05-02 13:18:17,335 - WARNING - CropBox missing from /Page, defaulting to MediaBox
2025-05-02 13:18:17,335 - WARNING - CropBox missing from /Page, defaulting to MediaBox
2025-05-02 13:18:17,336 - INFO - Layout analysis: Single-column
2025-05-02 13:18:17,336 - INFO - Column divider at x-coordinate: 357.16799999999995
2025-05-02 13:18:17,336 - ERROR - Error parsing resume resume/Resumee.pdf: 'bool' object is not subscriptable
2025-05-02 13:18:17,336 - ERROR - Traceback (most recent call last):
  File "/Users/tanishvardhineni/Downloads/ats-algo/resume-horizontal-v2.py", line 867, in parse_resume
    headings = identify_section_headings(elements, column_divider, is_multi_column, is_vertical_layout)
  File "/Users/tanishvardhineni/Downloads/ats-algo/resume-horizontal-v2.py", line 455, in identify_section_headings
    heading_confidence = calculate_heading_confidence(elem, elements, font_metrics)
  File "/Users/tanishvardhineni/Downloads/ats-algo/resume-horizontal-v2.py", line 406, in calculate_heading_confidence
    if font_metrics["heading_size_threshold"] > 0:
TypeError: 'bool' object is not subscriptable

2025-05-02 13:18:17,336 - INFO - 
Processing file 15/15: Resume_Arjun - Arjun Aggarwal 24BEE0051.pdf
2025-05-02 13:18:17,336 - INFO - Processing resume: resume/Resume_Arjun - Arjun Aggarwal 24BEE0051.pdf
2025-05-02 13:18:17,666 - INFO - Extracted 0 text elements
2025-05-02 13:18:17,667 - ERROR - No text elements found in resume/Resume_Arjun - Arjun Aggarwal 24BEE0051.pdf
2025-05-02 13:18:17,667 - INFO - 
Processing complete. Results saved to resume/_output
2025-05-02 13:18:17,667 - INFO - Summary file created at resume/_output/processing_summary.txt
2025-05-02 13:20:07,938 - INFO - Found 15 PDF files in resume/
2025-05-02 13:20:07,938 - INFO - 
Processing file 1/15: RE - Nagasai Vuppala.pdf
2025-05-02 13:20:07,938 - INFO - Processing resume: resume/RE - Nagasai Vuppala.pdf
2025-05-02 13:20:07,970 - INFO - Extracted 79 text elements
2025-05-02 13:20:07,977 - WARNING - CropBox missing from /Page, defaulting to MediaBox
2025-05-02 13:20:07,977 - WARNING - CropBox missing from /Page, defaulting to MediaBox
2025-05-02 13:20:07,977 - INFO - Layout orientation: Horizontal
2025-05-02 13:20:07,983 - WARNING - CropBox missing from /Page, defaulting to MediaBox
2025-05-02 13:20:07,984 - WARNING - CropBox missing from /Page, defaulting to MediaBox
2025-05-02 13:20:07,984 - INFO - Layout analysis: Single-column
2025-05-02 13:20:07,984 - INFO - Column divider at x-coordinate: 367.2
2025-05-02 13:20:07,984 - ERROR - Error parsing resume resume/RE - Nagasai Vuppala.pdf: 'bool' object is not subscriptable
2025-05-02 13:20:07,984 - ERROR - Traceback (most recent call last):
  File "/Users/tanishvardhineni/Downloads/ats-algo/resume-horizontal-v2.py", line 863, in parse_resume
    headings = identify_section_headings(elements, column_divider, is_multi_column, is_vertical_layout)
  File "/Users/tanishvardhineni/Downloads/ats-algo/resume-horizontal-v2.py", line 451, in identify_section_headings
    heading_confidence = calculate_heading_confidence(elem, elements, font_metrics)
  File "/Users/tanishvardhineni/Downloads/ats-algo/resume-horizontal-v2.py", line 403, in calculate_heading_confidence
    if font_metrics["heading_size_threshold"] > 0:
TypeError: 'bool' object is not subscriptable

2025-05-02 13:20:07,984 - INFO - 
Processing file 2/15: jobresume - sowmya Reddy.pdf
2025-05-02 13:20:07,984 - INFO - Processing resume: resume/jobresume - sowmya Reddy.pdf
2025-05-02 13:20:08,004 - INFO - Extracted 95 text elements
2025-05-02 13:20:08,006 - INFO - Layout orientation: Horizontal
2025-05-02 13:20:08,007 - INFO - Layout analysis: Single-column
2025-05-02 13:20:08,007 - INFO - Column divider at x-coordinate: 367.2
2025-05-02 13:20:08,007 - ERROR - Error parsing resume resume/jobresume - sowmya Reddy.pdf: 'bool' object is not subscriptable
2025-05-02 13:20:08,007 - ERROR - Traceback (most recent call last):
  File "/Users/tanishvardhineni/Downloads/ats-algo/resume-horizontal-v2.py", line 863, in parse_resume
    headings = identify_section_headings(elements, column_divider, is_multi_column, is_vertical_layout)
  File "/Users/tanishvardhineni/Downloads/ats-algo/resume-horizontal-v2.py", line 451, in identify_section_headings
    heading_confidence = calculate_heading_confidence(elem, elements, font_metrics)
  File "/Users/tanishvardhineni/Downloads/ats-algo/resume-horizontal-v2.py", line 403, in calculate_heading_confidence
    if font_metrics["heading_size_threshold"] > 0:
TypeError: 'bool' object is not subscriptable

2025-05-02 13:20:08,007 - INFO - 
Processing file 3/15: My_New_Resume_Pro_3_vir - Aditya Patki.pdf
2025-05-02 13:20:08,008 - INFO - Processing resume: resume/My_New_Resume_Pro_3_vir - Aditya Patki.pdf
2025-05-02 13:20:08,038 - INFO - Extracted 125 text elements
2025-05-02 13:20:08,040 - WARNING - CropBox missing from /Page, defaulting to MediaBox
2025-05-02 13:20:08,040 - WARNING - CropBox missing from /Page, defaulting to MediaBox
2025-05-02 13:20:08,041 - INFO - Layout orientation: Vertical
2025-05-02 13:20:08,042 - WARNING - CropBox missing from /Page, defaulting to MediaBox
2025-05-02 13:20:08,042 - WARNING - CropBox missing from /Page, defaulting to MediaBox
2025-05-02 13:20:08,042 - INFO - Layout analysis: Single-column
2025-05-02 13:20:08,042 - INFO - Column divider at x-coordinate: 367.2
2025-05-02 13:20:08,042 - ERROR - Error parsing resume resume/My_New_Resume_Pro_3_vir - Aditya Patki.pdf: 'bool' object is not subscriptable
2025-05-02 13:20:08,042 - ERROR - Traceback (most recent call last):
  File "/Users/tanishvardhineni/Downloads/ats-algo/resume-horizontal-v2.py", line 863, in parse_resume
    headings = identify_section_headings(elements, column_divider, is_multi_column, is_vertical_layout)
  File "/Users/tanishvardhineni/Downloads/ats-algo/resume-horizontal-v2.py", line 451, in identify_section_headings
    heading_confidence = calculate_heading_confidence(elem, elements, font_metrics)
  File "/Users/tanishvardhineni/Downloads/ats-algo/resume-horizontal-v2.py", line 403, in calculate_heading_confidence
    if font_metrics["heading_size_threshold"] > 0:
TypeError: 'bool' object is not subscriptable

2025-05-02 13:20:08,042 - INFO - 
Processing file 4/15: Pavan Final Resume - PAVAN TAGORE KANALA.pdf
2025-05-02 13:20:08,042 - INFO - Processing resume: resume/Pavan Final Resume - PAVAN TAGORE KANALA.pdf
2025-05-02 13:20:08,057 - INFO - Extracted 66 text elements
2025-05-02 13:20:08,058 - INFO - Layout orientation: Vertical
2025-05-02 13:20:08,059 - INFO - Layout analysis: Single-column
2025-05-02 13:20:08,059 - INFO - Column divider at x-coordinate: 357.3
2025-05-02 13:20:08,059 - ERROR - Error parsing resume resume/Pavan Final Resume - PAVAN TAGORE KANALA.pdf: 'bool' object is not subscriptable
2025-05-02 13:20:08,059 - ERROR - Traceback (most recent call last):
  File "/Users/tanishvardhineni/Downloads/ats-algo/resume-horizontal-v2.py", line 863, in parse_resume
    headings = identify_section_headings(elements, column_divider, is_multi_column, is_vertical_layout)
  File "/Users/tanishvardhineni/Downloads/ats-algo/resume-horizontal-v2.py", line 451, in identify_section_headings
    heading_confidence = calculate_heading_confidence(elem, elements, font_metrics)
  File "/Users/tanishvardhineni/Downloads/ats-algo/resume-horizontal-v2.py", line 403, in calculate_heading_confidence
    if font_metrics["heading_size_threshold"] > 0:
TypeError: 'bool' object is not subscriptable

2025-05-02 13:20:08,059 - INFO - 
Processing file 5/15: Tanish_Resume_Mar25.pdf
2025-05-02 13:20:08,060 - INFO - Processing resume: resume/Tanish_Resume_Mar25.pdf
2025-05-02 13:20:08,080 - INFO - Extracted 115 text elements
2025-05-02 13:20:08,084 - WARNING - CropBox missing from /Page, defaulting to MediaBox
2025-05-02 13:20:08,084 - WARNING - CropBox missing from /Page, defaulting to MediaBox
2025-05-02 13:20:08,085 - INFO - Layout orientation: Horizontal
2025-05-02 13:20:08,089 - WARNING - CropBox missing from /Page, defaulting to MediaBox
2025-05-02 13:20:08,089 - WARNING - CropBox missing from /Page, defaulting to MediaBox
2025-05-02 13:20:08,089 - INFO - Layout analysis: Single-column
2025-05-02 13:20:08,089 - INFO - Column divider at x-coordinate: 357.16799999999995
2025-05-02 13:20:08,089 - ERROR - Error parsing resume resume/Tanish_Resume_Mar25.pdf: 'bool' object is not subscriptable
2025-05-02 13:20:08,089 - ERROR - Traceback (most recent call last):
  File "/Users/tanishvardhineni/Downloads/ats-algo/resume-horizontal-v2.py", line 863, in parse_resume
    headings = identify_section_headings(elements, column_divider, is_multi_column, is_vertical_layout)
  File "/Users/tanishvardhineni/Downloads/ats-algo/resume-horizontal-v2.py", line 451, in identify_section_headings
    heading_confidence = calculate_heading_confidence(elem, elements, font_metrics)
  File "/Users/tanishvardhineni/Downloads/ats-algo/resume-horizontal-v2.py", line 403, in calculate_heading_confidence
    if font_metrics["heading_size_threshold"] > 0:
TypeError: 'bool' object is not subscriptable

2025-05-02 13:20:08,132 - INFO - 
Processing file 6/15: resume - Pranay Reddy.pdf
2025-05-02 13:20:08,132 - INFO - Processing resume: resume/resume - Pranay Reddy.pdf
2025-05-02 13:20:08,147 - INFO - Extracted 53 text elements
2025-05-02 13:20:08,148 - INFO - Layout orientation: Horizontal
2025-05-02 13:20:08,149 - INFO - Layout analysis: Single-column
2025-05-02 13:20:08,149 - INFO - Column divider at x-coordinate: 357.3
2025-05-02 13:20:08,149 - ERROR - Error parsing resume resume/resume - Pranay Reddy.pdf: 'bool' object is not subscriptable
2025-05-02 13:20:08,149 - ERROR - Traceback (most recent call last):
  File "/Users/tanishvardhineni/Downloads/ats-algo/resume-horizontal-v2.py", line 863, in parse_resume
    headings = identify_section_headings(elements, column_divider, is_multi_column, is_vertical_layout)
  File "/Users/tanishvardhineni/Downloads/ats-algo/resume-horizontal-v2.py", line 451, in identify_section_headings
    heading_confidence = calculate_heading_confidence(elem, elements, font_metrics)
  File "/Users/tanishvardhineni/Downloads/ats-algo/resume-horizontal-v2.py", line 403, in calculate_heading_confidence
    if font_metrics["heading_size_threshold"] > 0:
TypeError: 'bool' object is not subscriptable

2025-05-02 13:20:08,149 - INFO - 
Processing file 7/15: resumenew.pdf
2025-05-02 13:20:08,149 - INFO - Processing resume: resume/resumenew.pdf
2025-05-02 13:20:08,165 - INFO - Extracted 71 text elements
2025-05-02 13:20:08,166 - WARNING - CropBox missing from /Page, defaulting to MediaBox
2025-05-02 13:20:08,166 - WARNING - CropBox missing from /Page, defaulting to MediaBox
2025-05-02 13:20:08,166 - INFO - Layout orientation: Horizontal
2025-05-02 13:20:08,167 - WARNING - CropBox missing from /Page, defaulting to MediaBox
2025-05-02 13:20:08,168 - WARNING - CropBox missing from /Page, defaulting to MediaBox
2025-05-02 13:20:08,168 - INFO - Layout analysis: Single-column
2025-05-02 13:20:08,168 - INFO - Column divider at x-coordinate: 356.975976
2025-05-02 13:20:08,168 - ERROR - Error parsing resume resume/resumenew.pdf: 'bool' object is not subscriptable
2025-05-02 13:20:08,168 - ERROR - Traceback (most recent call last):
  File "/Users/tanishvardhineni/Downloads/ats-algo/resume-horizontal-v2.py", line 863, in parse_resume
    headings = identify_section_headings(elements, column_divider, is_multi_column, is_vertical_layout)
  File "/Users/tanishvardhineni/Downloads/ats-algo/resume-horizontal-v2.py", line 451, in identify_section_headings
    heading_confidence = calculate_heading_confidence(elem, elements, font_metrics)
  File "/Users/tanishvardhineni/Downloads/ats-algo/resume-horizontal-v2.py", line 403, in calculate_heading_confidence
    if font_metrics["heading_size_threshold"] > 0:
TypeError: 'bool' object is not subscriptable

2025-05-02 13:20:08,168 - INFO - 
Processing file 8/15: Maulie_Kothari_CV - Maulie Kothari.pdf
2025-05-02 13:20:08,168 - INFO - Processing resume: resume/Maulie_Kothari_CV - Maulie Kothari.pdf
2025-05-02 13:20:08,200 - INFO - Extracted 130 text elements
2025-05-02 13:20:08,202 - WARNING - CropBox missing from /Page, defaulting to MediaBox
2025-05-02 13:20:08,202 - WARNING - CropBox missing from /Page, defaulting to MediaBox
2025-05-02 13:20:08,202 - INFO - Layout orientation: Horizontal
2025-05-02 13:20:08,203 - WARNING - CropBox missing from /Page, defaulting to MediaBox
2025-05-02 13:20:08,203 - WARNING - CropBox missing from /Page, defaulting to MediaBox
2025-05-02 13:20:08,203 - INFO - Layout analysis: Single-column
2025-05-02 13:20:08,203 - INFO - Column divider at x-coordinate: 356.976
2025-05-02 13:20:08,203 - ERROR - Error parsing resume resume/Maulie_Kothari_CV - Maulie Kothari.pdf: 'bool' object is not subscriptable
2025-05-02 13:20:08,205 - ERROR - Traceback (most recent call last):
  File "/Users/tanishvardhineni/Downloads/ats-algo/resume-horizontal-v2.py", line 863, in parse_resume
    headings = identify_section_headings(elements, column_divider, is_multi_column, is_vertical_layout)
  File "/Users/tanishvardhineni/Downloads/ats-algo/resume-horizontal-v2.py", line 451, in identify_section_headings
    heading_confidence = calculate_heading_confidence(elem, elements, font_metrics)
  File "/Users/tanishvardhineni/Downloads/ats-algo/resume-horizontal-v2.py", line 403, in calculate_heading_confidence
    if font_metrics["heading_size_threshold"] > 0:
TypeError: 'bool' object is not subscriptable

2025-05-02 13:20:08,205 - INFO - 
Processing file 9/15: Sathwik-Reddy-Thalla-CV.pdf
2025-05-02 13:20:08,205 - INFO - Processing resume: resume/Sathwik-Reddy-Thalla-CV.pdf
2025-05-02 13:20:08,225 - INFO - Extracted 83 text elements
2025-05-02 13:20:08,226 - WARNING - CropBox missing from /Page, defaulting to MediaBox
2025-05-02 13:20:08,226 - WARNING - CropBox missing from /Page, defaulting to MediaBox
2025-05-02 13:20:08,227 - INFO - Layout orientation: Vertical
2025-05-02 13:20:08,227 - WARNING - CropBox missing from /Page, defaulting to MediaBox
2025-05-02 13:20:08,228 - WARNING - CropBox missing from /Page, defaulting to MediaBox
2025-05-02 13:20:08,228 - INFO - Layout analysis: Single-column
2025-05-02 13:20:08,228 - INFO - Column divider at x-coordinate: 356.975976
2025-05-02 13:20:08,228 - ERROR - Error parsing resume resume/Sathwik-Reddy-Thalla-CV.pdf: 'bool' object is not subscriptable
2025-05-02 13:20:08,228 - ERROR - Traceback (most recent call last):
  File "/Users/tanishvardhineni/Downloads/ats-algo/resume-horizontal-v2.py", line 863, in parse_resume
    headings = identify_section_headings(elements, column_divider, is_multi_column, is_vertical_layout)
  File "/Users/tanishvardhineni/Downloads/ats-algo/resume-horizontal-v2.py", line 451, in identify_section_headings
    heading_confidence = calculate_heading_confidence(elem, elements, font_metrics)
  File "/Users/tanishvardhineni/Downloads/ats-algo/resume-horizontal-v2.py", line 403, in calculate_heading_confidence
    if font_metrics["heading_size_threshold"] > 0:
TypeError: 'bool' object is not subscriptable

2025-05-02 13:20:08,228 - INFO - 
Processing file 10/15: TejasaisumukhTammanaResume - Tejasaisumukh Tammana.pdf
2025-05-02 13:20:08,228 - INFO - Processing resume: resume/TejasaisumukhTammanaResume - Tejasaisumukh Tammana.pdf
2025-05-02 13:20:08,237 - INFO - Extracted 38 text elements
2025-05-02 13:20:08,240 - WARNING - CropBox missing from /Page, defaulting to MediaBox
2025-05-02 13:20:08,240 - WARNING - CropBox missing from /Page, defaulting to MediaBox
2025-05-02 13:20:08,240 - INFO - Layout orientation: Vertical
2025-05-02 13:20:08,243 - WARNING - CropBox missing from /Page, defaulting to MediaBox
2025-05-02 13:20:08,243 - WARNING - CropBox missing from /Page, defaulting to MediaBox
2025-05-02 13:20:08,243 - INFO - Layout analysis: Single-column
2025-05-02 13:20:08,243 - INFO - Column divider at x-coordinate: 357.551988
2025-05-02 13:20:08,243 - ERROR - Error parsing resume resume/TejasaisumukhTammanaResume - Tejasaisumukh Tammana.pdf: 'bool' object is not subscriptable
2025-05-02 13:20:08,243 - ERROR - Traceback (most recent call last):
  File "/Users/tanishvardhineni/Downloads/ats-algo/resume-horizontal-v2.py", line 863, in parse_resume
    headings = identify_section_headings(elements, column_divider, is_multi_column, is_vertical_layout)
  File "/Users/tanishvardhineni/Downloads/ats-algo/resume-horizontal-v2.py", line 451, in identify_section_headings
    heading_confidence = calculate_heading_confidence(elem, elements, font_metrics)
  File "/Users/tanishvardhineni/Downloads/ats-algo/resume-horizontal-v2.py", line 403, in calculate_heading_confidence
    if font_metrics["heading_size_threshold"] > 0:
TypeError: 'bool' object is not subscriptable

2025-05-02 13:20:08,244 - INFO - 
Processing file 11/15: Vinod_s_Resume.pdf
2025-05-02 13:20:08,244 - INFO - Processing resume: resume/Vinod_s_Resume.pdf
2025-05-02 13:20:08,263 - INFO - Extracted 86 text elements
2025-05-02 13:20:08,270 - WARNING - CropBox missing from /Page, defaulting to MediaBox
2025-05-02 13:20:08,270 - WARNING - CropBox missing from /Page, defaulting to MediaBox
2025-05-02 13:20:08,270 - INFO - Layout orientation: Vertical
2025-05-02 13:20:08,281 - WARNING - CropBox missing from /Page, defaulting to MediaBox
2025-05-02 13:20:08,281 - WARNING - CropBox missing from /Page, defaulting to MediaBox
2025-05-02 13:20:08,281 - INFO - Layout analysis: Single-column
2025-05-02 13:20:08,282 - INFO - Column divider at x-coordinate: 367.2
2025-05-02 13:20:08,282 - ERROR - Error parsing resume resume/Vinod_s_Resume.pdf: 'bool' object is not subscriptable
2025-05-02 13:20:08,282 - ERROR - Traceback (most recent call last):
  File "/Users/tanishvardhineni/Downloads/ats-algo/resume-horizontal-v2.py", line 863, in parse_resume
    headings = identify_section_headings(elements, column_divider, is_multi_column, is_vertical_layout)
  File "/Users/tanishvardhineni/Downloads/ats-algo/resume-horizontal-v2.py", line 451, in identify_section_headings
    heading_confidence = calculate_heading_confidence(elem, elements, font_metrics)
  File "/Users/tanishvardhineni/Downloads/ats-algo/resume-horizontal-v2.py", line 403, in calculate_heading_confidence
    if font_metrics["heading_size_threshold"] > 0:
TypeError: 'bool' object is not subscriptable

2025-05-02 13:20:08,282 - INFO - 
Processing file 12/15: Monish Muskar Resume (2).pdf
2025-05-02 13:20:08,282 - INFO - Processing resume: resume/Monish Muskar Resume (2).pdf
2025-05-02 13:20:08,314 - INFO - Extracted 73 text elements
2025-05-02 13:20:08,315 - INFO - Layout orientation: Vertical
2025-05-02 13:20:08,316 - INFO - Layout analysis: Single-column
2025-05-02 13:20:08,316 - INFO - Column divider at x-coordinate: 357.3
2025-05-02 13:20:08,316 - ERROR - Error parsing resume resume/Monish Muskar Resume (2).pdf: 'bool' object is not subscriptable
2025-05-02 13:20:08,316 - ERROR - Traceback (most recent call last):
  File "/Users/tanishvardhineni/Downloads/ats-algo/resume-horizontal-v2.py", line 863, in parse_resume
    headings = identify_section_headings(elements, column_divider, is_multi_column, is_vertical_layout)
  File "/Users/tanishvardhineni/Downloads/ats-algo/resume-horizontal-v2.py", line 451, in identify_section_headings
    heading_confidence = calculate_heading_confidence(elem, elements, font_metrics)
  File "/Users/tanishvardhineni/Downloads/ats-algo/resume-horizontal-v2.py", line 403, in calculate_heading_confidence
    if font_metrics["heading_size_threshold"] > 0:
TypeError: 'bool' object is not subscriptable

2025-05-02 13:20:08,316 - INFO - 
Processing file 13/15: CV - Yamuna Devi.pdf
2025-05-02 13:20:08,316 - INFO - Processing resume: resume/CV - Yamuna Devi.pdf
2025-05-02 13:20:08,328 - INFO - Extracted 65 text elements
2025-05-02 13:20:08,329 - WARNING - CropBox missing from /Page, defaulting to MediaBox
2025-05-02 13:20:08,329 - WARNING - CropBox missing from /Page, defaulting to MediaBox
2025-05-02 13:20:08,329 - INFO - Layout orientation: Vertical
2025-05-02 13:20:08,330 - WARNING - CropBox missing from /Page, defaulting to MediaBox
2025-05-02 13:20:08,331 - WARNING - CropBox missing from /Page, defaulting to MediaBox
2025-05-02 13:20:08,331 - INFO - Layout analysis: Single-column
2025-05-02 13:20:08,331 - INFO - Column divider at x-coordinate: 356.975976
2025-05-02 13:20:08,331 - ERROR - Error parsing resume resume/CV - Yamuna Devi.pdf: 'bool' object is not subscriptable
2025-05-02 13:20:08,331 - ERROR - Traceback (most recent call last):
  File "/Users/tanishvardhineni/Downloads/ats-algo/resume-horizontal-v2.py", line 863, in parse_resume
    headings = identify_section_headings(elements, column_divider, is_multi_column, is_vertical_layout)
  File "/Users/tanishvardhineni/Downloads/ats-algo/resume-horizontal-v2.py", line 451, in identify_section_headings
    heading_confidence = calculate_heading_confidence(elem, elements, font_metrics)
  File "/Users/tanishvardhineni/Downloads/ats-algo/resume-horizontal-v2.py", line 403, in calculate_heading_confidence
    if font_metrics["heading_size_threshold"] > 0:
TypeError: 'bool' object is not subscriptable

2025-05-02 13:20:08,331 - INFO - 
Processing file 14/15: Resumee.pdf
2025-05-02 13:20:08,331 - INFO - Processing resume: resume/Resumee.pdf
2025-05-02 13:20:08,358 - INFO - Extracted 188 text elements
2025-05-02 13:20:08,358 - WARNING - CropBox missing from /Page, defaulting to MediaBox
2025-05-02 13:20:08,359 - WARNING - CropBox missing from /Page, defaulting to MediaBox
2025-05-02 13:20:08,359 - INFO - Layout orientation: Vertical
2025-05-02 13:20:08,360 - WARNING - CropBox missing from /Page, defaulting to MediaBox
2025-05-02 13:20:08,360 - WARNING - CropBox missing from /Page, defaulting to MediaBox
2025-05-02 13:20:08,360 - INFO - Layout analysis: Single-column
2025-05-02 13:20:08,360 - INFO - Column divider at x-coordinate: 357.16799999999995
2025-05-02 13:20:08,360 - ERROR - Error parsing resume resume/Resumee.pdf: 'bool' object is not subscriptable
2025-05-02 13:20:08,360 - ERROR - Traceback (most recent call last):
  File "/Users/tanishvardhineni/Downloads/ats-algo/resume-horizontal-v2.py", line 863, in parse_resume
    headings = identify_section_headings(elements, column_divider, is_multi_column, is_vertical_layout)
  File "/Users/tanishvardhineni/Downloads/ats-algo/resume-horizontal-v2.py", line 451, in identify_section_headings
    heading_confidence = calculate_heading_confidence(elem, elements, font_metrics)
  File "/Users/tanishvardhineni/Downloads/ats-algo/resume-horizontal-v2.py", line 403, in calculate_heading_confidence
    if font_metrics["heading_size_threshold"] > 0:
TypeError: 'bool' object is not subscriptable

2025-05-02 13:20:08,360 - INFO - 
Processing file 15/15: Resume_Arjun - Arjun Aggarwal 24BEE0051.pdf
2025-05-02 13:20:08,360 - INFO - Processing resume: resume/Resume_Arjun - Arjun Aggarwal 24BEE0051.pdf
2025-05-02 13:20:08,709 - INFO - Extracted 0 text elements
2025-05-02 13:20:08,709 - ERROR - No text elements found in resume/Resume_Arjun - Arjun Aggarwal 24BEE0051.pdf
2025-05-02 13:20:08,712 - INFO - 
Processing complete. Results saved to resume/_output
2025-05-02 13:20:08,712 - INFO - Summary file created at resume/_output/processing_summary.txt
2025-05-02 13:21:01,701 - INFO - Found 15 PDF files in resume/
2025-05-02 13:21:01,701 - INFO - 
Processing file 1/15: RE - Nagasai Vuppala.pdf
2025-05-02 13:21:01,702 - INFO - Processing resume: resume/RE - Nagasai Vuppala.pdf
2025-05-02 13:21:01,733 - INFO - Extracted 79 text elements
2025-05-02 13:21:01,739 - WARNING - CropBox missing from /Page, defaulting to MediaBox
2025-05-02 13:21:01,740 - WARNING - CropBox missing from /Page, defaulting to MediaBox
2025-05-02 13:21:01,740 - INFO - Layout orientation: Horizontal
2025-05-02 13:21:01,747 - WARNING - CropBox missing from /Page, defaulting to MediaBox
2025-05-02 13:21:01,747 - WARNING - CropBox missing from /Page, defaulting to MediaBox
2025-05-02 13:21:01,747 - INFO - Layout analysis: Single-column
2025-05-02 13:21:01,747 - INFO - Column divider at x-coordinate: 367.2
2025-05-02 13:21:01,747 - ERROR - Error parsing resume resume/RE - Nagasai Vuppala.pdf: identify_section_headings() missing 1 required positional argument: 'is_multi_column'
2025-05-02 13:21:01,748 - ERROR - Traceback (most recent call last):
  File "/Users/tanishvardhineni/Downloads/ats-algo/resume-horizontal-v2.py", line 863, in parse_resume
    headings = identify_section_headings(elements, column_divider, is_multi_column)
TypeError: identify_section_headings() missing 1 required positional argument: 'is_multi_column'

2025-05-02 13:21:01,748 - INFO - 
Processing file 2/15: jobresume - sowmya Reddy.pdf
2025-05-02 13:21:01,748 - INFO - Processing resume: resume/jobresume - sowmya Reddy.pdf
2025-05-02 13:21:01,767 - INFO - Extracted 95 text elements
2025-05-02 13:21:01,769 - INFO - Layout orientation: Horizontal
2025-05-02 13:21:01,770 - INFO - Layout analysis: Single-column
2025-05-02 13:21:01,770 - INFO - Column divider at x-coordinate: 367.2
2025-05-02 13:21:01,770 - ERROR - Error parsing resume resume/jobresume - sowmya Reddy.pdf: identify_section_headings() missing 1 required positional argument: 'is_multi_column'
2025-05-02 13:21:01,770 - ERROR - Traceback (most recent call last):
  File "/Users/tanishvardhineni/Downloads/ats-algo/resume-horizontal-v2.py", line 863, in parse_resume
    headings = identify_section_headings(elements, column_divider, is_multi_column)
TypeError: identify_section_headings() missing 1 required positional argument: 'is_multi_column'

2025-05-02 13:21:01,770 - INFO - 
Processing file 3/15: My_New_Resume_Pro_3_vir - Aditya Patki.pdf
2025-05-02 13:21:01,770 - INFO - Processing resume: resume/My_New_Resume_Pro_3_vir - Aditya Patki.pdf
2025-05-02 13:21:01,801 - INFO - Extracted 125 text elements
2025-05-02 13:21:01,803 - WARNING - CropBox missing from /Page, defaulting to MediaBox
2025-05-02 13:21:01,803 - WARNING - CropBox missing from /Page, defaulting to MediaBox
2025-05-02 13:21:01,803 - INFO - Layout orientation: Vertical
2025-05-02 13:21:01,805 - WARNING - CropBox missing from /Page, defaulting to MediaBox
2025-05-02 13:21:01,805 - WARNING - CropBox missing from /Page, defaulting to MediaBox
2025-05-02 13:21:01,805 - INFO - Layout analysis: Single-column
2025-05-02 13:21:01,805 - INFO - Column divider at x-coordinate: 367.2
2025-05-02 13:21:01,805 - ERROR - Error parsing resume resume/My_New_Resume_Pro_3_vir - Aditya Patki.pdf: identify_section_headings() missing 1 required positional argument: 'is_multi_column'
2025-05-02 13:21:01,805 - ERROR - Traceback (most recent call last):
  File "/Users/tanishvardhineni/Downloads/ats-algo/resume-horizontal-v2.py", line 863, in parse_resume
    headings = identify_section_headings(elements, column_divider, is_multi_column)
TypeError: identify_section_headings() missing 1 required positional argument: 'is_multi_column'

2025-05-02 13:21:01,805 - INFO - 
Processing file 4/15: Pavan Final Resume - PAVAN TAGORE KANALA.pdf
2025-05-02 13:21:01,805 - INFO - Processing resume: resume/Pavan Final Resume - PAVAN TAGORE KANALA.pdf
2025-05-02 13:21:01,817 - INFO - Extracted 66 text elements
2025-05-02 13:21:01,818 - INFO - Layout orientation: Vertical
2025-05-02 13:21:01,819 - INFO - Layout analysis: Single-column
2025-05-02 13:21:01,819 - INFO - Column divider at x-coordinate: 357.3
2025-05-02 13:21:01,819 - ERROR - Error parsing resume resume/Pavan Final Resume - PAVAN TAGORE KANALA.pdf: identify_section_headings() missing 1 required positional argument: 'is_multi_column'
2025-05-02 13:21:01,819 - ERROR - Traceback (most recent call last):
  File "/Users/tanishvardhineni/Downloads/ats-algo/resume-horizontal-v2.py", line 863, in parse_resume
    headings = identify_section_headings(elements, column_divider, is_multi_column)
TypeError: identify_section_headings() missing 1 required positional argument: 'is_multi_column'

2025-05-02 13:21:01,819 - INFO - 
Processing file 5/15: Tanish_Resume_Mar25.pdf
2025-05-02 13:21:01,819 - INFO - Processing resume: resume/Tanish_Resume_Mar25.pdf
2025-05-02 13:21:01,840 - INFO - Extracted 115 text elements
2025-05-02 13:21:01,844 - WARNING - CropBox missing from /Page, defaulting to MediaBox
2025-05-02 13:21:01,844 - WARNING - CropBox missing from /Page, defaulting to MediaBox
2025-05-02 13:21:01,844 - INFO - Layout orientation: Horizontal
2025-05-02 13:21:01,848 - WARNING - CropBox missing from /Page, defaulting to MediaBox
2025-05-02 13:21:01,848 - WARNING - CropBox missing from /Page, defaulting to MediaBox
2025-05-02 13:21:01,848 - INFO - Layout analysis: Single-column
2025-05-02 13:21:01,848 - INFO - Column divider at x-coordinate: 357.16799999999995
2025-05-02 13:21:01,848 - ERROR - Error parsing resume resume/Tanish_Resume_Mar25.pdf: identify_section_headings() missing 1 required positional argument: 'is_multi_column'
2025-05-02 13:21:01,848 - ERROR - Traceback (most recent call last):
  File "/Users/tanishvardhineni/Downloads/ats-algo/resume-horizontal-v2.py", line 863, in parse_resume
    headings = identify_section_headings(elements, column_divider, is_multi_column)
TypeError: identify_section_headings() missing 1 required positional argument: 'is_multi_column'

2025-05-02 13:21:01,848 - INFO - 
Processing file 6/15: resume - Pranay Reddy.pdf
2025-05-02 13:21:01,848 - INFO - Processing resume: resume/resume - Pranay Reddy.pdf
2025-05-02 13:21:01,862 - INFO - Extracted 53 text elements
2025-05-02 13:21:01,864 - INFO - Layout orientation: Horizontal
2025-05-02 13:21:01,865 - INFO - Layout analysis: Single-column
2025-05-02 13:21:01,865 - INFO - Column divider at x-coordinate: 357.3
2025-05-02 13:21:01,865 - ERROR - Error parsing resume resume/resume - Pranay Reddy.pdf: identify_section_headings() missing 1 required positional argument: 'is_multi_column'
2025-05-02 13:21:01,865 - ERROR - Traceback (most recent call last):
  File "/Users/tanishvardhineni/Downloads/ats-algo/resume-horizontal-v2.py", line 863, in parse_resume
    headings = identify_section_headings(elements, column_divider, is_multi_column)
TypeError: identify_section_headings() missing 1 required positional argument: 'is_multi_column'

2025-05-02 13:21:01,865 - INFO - 
Processing file 7/15: resumenew.pdf
2025-05-02 13:21:01,865 - INFO - Processing resume: resume/resumenew.pdf
2025-05-02 13:21:01,880 - INFO - Extracted 71 text elements
2025-05-02 13:21:01,881 - WARNING - CropBox missing from /Page, defaulting to MediaBox
2025-05-02 13:21:01,881 - WARNING - CropBox missing from /Page, defaulting to MediaBox
2025-05-02 13:21:01,881 - INFO - Layout orientation: Horizontal
2025-05-02 13:21:01,882 - WARNING - CropBox missing from /Page, defaulting to MediaBox
2025-05-02 13:21:01,882 - WARNING - CropBox missing from /Page, defaulting to MediaBox
2025-05-02 13:21:01,883 - INFO - Layout analysis: Single-column
2025-05-02 13:21:01,883 - INFO - Column divider at x-coordinate: 356.975976
2025-05-02 13:21:01,883 - ERROR - Error parsing resume resume/resumenew.pdf: identify_section_headings() missing 1 required positional argument: 'is_multi_column'
2025-05-02 13:21:01,883 - ERROR - Traceback (most recent call last):
  File "/Users/tanishvardhineni/Downloads/ats-algo/resume-horizontal-v2.py", line 863, in parse_resume
    headings = identify_section_headings(elements, column_divider, is_multi_column)
TypeError: identify_section_headings() missing 1 required positional argument: 'is_multi_column'

2025-05-02 13:21:01,883 - INFO - 
Processing file 8/15: Maulie_Kothari_CV - Maulie Kothari.pdf
2025-05-02 13:21:01,883 - INFO - Processing resume: resume/Maulie_Kothari_CV - Maulie Kothari.pdf
2025-05-02 13:21:01,914 - INFO - Extracted 130 text elements
2025-05-02 13:21:01,915 - WARNING - CropBox missing from /Page, defaulting to MediaBox
2025-05-02 13:21:01,915 - WARNING - CropBox missing from /Page, defaulting to MediaBox
2025-05-02 13:21:01,915 - INFO - Layout orientation: Horizontal
2025-05-02 13:21:01,916 - WARNING - CropBox missing from /Page, defaulting to MediaBox
2025-05-02 13:21:01,916 - WARNING - CropBox missing from /Page, defaulting to MediaBox
2025-05-02 13:21:01,916 - INFO - Layout analysis: Single-column
2025-05-02 13:21:01,916 - INFO - Column divider at x-coordinate: 356.976
2025-05-02 13:21:01,916 - ERROR - Error parsing resume resume/Maulie_Kothari_CV - Maulie Kothari.pdf: identify_section_headings() missing 1 required positional argument: 'is_multi_column'
2025-05-02 13:21:01,917 - ERROR - Traceback (most recent call last):
  File "/Users/tanishvardhineni/Downloads/ats-algo/resume-horizontal-v2.py", line 863, in parse_resume
    headings = identify_section_headings(elements, column_divider, is_multi_column)
TypeError: identify_section_headings() missing 1 required positional argument: 'is_multi_column'

2025-05-02 13:21:01,917 - INFO - 
Processing file 9/15: Sathwik-Reddy-Thalla-CV.pdf
2025-05-02 13:21:01,917 - INFO - Processing resume: resume/Sathwik-Reddy-Thalla-CV.pdf
2025-05-02 13:21:01,936 - INFO - Extracted 83 text elements
2025-05-02 13:21:01,937 - WARNING - CropBox missing from /Page, defaulting to MediaBox
2025-05-02 13:21:01,938 - WARNING - CropBox missing from /Page, defaulting to MediaBox
2025-05-02 13:21:01,938 - INFO - Layout orientation: Vertical
2025-05-02 13:21:01,939 - WARNING - CropBox missing from /Page, defaulting to MediaBox
2025-05-02 13:21:01,939 - WARNING - CropBox missing from /Page, defaulting to MediaBox
2025-05-02 13:21:01,939 - INFO - Layout analysis: Single-column
2025-05-02 13:21:01,939 - INFO - Column divider at x-coordinate: 356.975976
2025-05-02 13:21:01,939 - ERROR - Error parsing resume resume/Sathwik-Reddy-Thalla-CV.pdf: identify_section_headings() missing 1 required positional argument: 'is_multi_column'
2025-05-02 13:21:01,939 - ERROR - Traceback (most recent call last):
  File "/Users/tanishvardhineni/Downloads/ats-algo/resume-horizontal-v2.py", line 863, in parse_resume
    headings = identify_section_headings(elements, column_divider, is_multi_column)
TypeError: identify_section_headings() missing 1 required positional argument: 'is_multi_column'

2025-05-02 13:21:01,939 - INFO - 
Processing file 10/15: TejasaisumukhTammanaResume - Tejasaisumukh Tammana.pdf
2025-05-02 13:21:01,939 - INFO - Processing resume: resume/TejasaisumukhTammanaResume - Tejasaisumukh Tammana.pdf
2025-05-02 13:21:01,947 - INFO - Extracted 38 text elements
2025-05-02 13:21:01,950 - WARNING - CropBox missing from /Page, defaulting to MediaBox
2025-05-02 13:21:01,950 - WARNING - CropBox missing from /Page, defaulting to MediaBox
2025-05-02 13:21:01,950 - INFO - Layout orientation: Vertical
2025-05-02 13:21:01,953 - WARNING - CropBox missing from /Page, defaulting to MediaBox
2025-05-02 13:21:01,954 - WARNING - CropBox missing from /Page, defaulting to MediaBox
2025-05-02 13:21:01,954 - INFO - Layout analysis: Single-column
2025-05-02 13:21:01,954 - INFO - Column divider at x-coordinate: 357.551988
2025-05-02 13:21:01,954 - ERROR - Error parsing resume resume/TejasaisumukhTammanaResume - Tejasaisumukh Tammana.pdf: identify_section_headings() missing 1 required positional argument: 'is_multi_column'
2025-05-02 13:21:01,954 - ERROR - Traceback (most recent call last):
  File "/Users/tanishvardhineni/Downloads/ats-algo/resume-horizontal-v2.py", line 863, in parse_resume
    headings = identify_section_headings(elements, column_divider, is_multi_column)
TypeError: identify_section_headings() missing 1 required positional argument: 'is_multi_column'

2025-05-02 13:21:01,954 - INFO - 
Processing file 11/15: Vinod_s_Resume.pdf
2025-05-02 13:21:01,954 - INFO - Processing resume: resume/Vinod_s_Resume.pdf
2025-05-02 13:21:01,973 - INFO - Extracted 86 text elements
2025-05-02 13:21:01,979 - WARNING - CropBox missing from /Page, defaulting to MediaBox
2025-05-02 13:21:01,979 - WARNING - CropBox missing from /Page, defaulting to MediaBox
2025-05-02 13:21:01,979 - INFO - Layout orientation: Vertical
2025-05-02 13:21:01,991 - WARNING - CropBox missing from /Page, defaulting to MediaBox
2025-05-02 13:21:01,991 - WARNING - CropBox missing from /Page, defaulting to MediaBox
2025-05-02 13:21:01,991 - INFO - Layout analysis: Single-column
2025-05-02 13:21:01,991 - INFO - Column divider at x-coordinate: 367.2
2025-05-02 13:21:01,991 - ERROR - Error parsing resume resume/Vinod_s_Resume.pdf: identify_section_headings() missing 1 required positional argument: 'is_multi_column'
2025-05-02 13:21:01,991 - ERROR - Traceback (most recent call last):
  File "/Users/tanishvardhineni/Downloads/ats-algo/resume-horizontal-v2.py", line 863, in parse_resume
    headings = identify_section_headings(elements, column_divider, is_multi_column)
TypeError: identify_section_headings() missing 1 required positional argument: 'is_multi_column'

2025-05-02 13:21:01,991 - INFO - 
Processing file 12/15: Monish Muskar Resume (2).pdf
2025-05-02 13:21:01,992 - INFO - Processing resume: resume/Monish Muskar Resume (2).pdf
2025-05-02 13:21:02,022 - INFO - Extracted 73 text elements
2025-05-02 13:21:02,023 - INFO - Layout orientation: Vertical
2025-05-02 13:21:02,024 - INFO - Layout analysis: Single-column
2025-05-02 13:21:02,024 - INFO - Column divider at x-coordinate: 357.3
2025-05-02 13:21:02,024 - ERROR - Error parsing resume resume/Monish Muskar Resume (2).pdf: identify_section_headings() missing 1 required positional argument: 'is_multi_column'
2025-05-02 13:21:02,024 - ERROR - Traceback (most recent call last):
  File "/Users/tanishvardhineni/Downloads/ats-algo/resume-horizontal-v2.py", line 863, in parse_resume
    headings = identify_section_headings(elements, column_divider, is_multi_column)
TypeError: identify_section_headings() missing 1 required positional argument: 'is_multi_column'

2025-05-02 13:21:02,024 - INFO - 
Processing file 13/15: CV - Yamuna Devi.pdf
2025-05-02 13:21:02,024 - INFO - Processing resume: resume/CV - Yamuna Devi.pdf
2025-05-02 13:21:02,035 - INFO - Extracted 65 text elements
2025-05-02 13:21:02,036 - WARNING - CropBox missing from /Page, defaulting to MediaBox
2025-05-02 13:21:02,036 - WARNING - CropBox missing from /Page, defaulting to MediaBox
2025-05-02 13:21:02,037 - INFO - Layout orientation: Vertical
2025-05-02 13:21:02,038 - WARNING - CropBox missing from /Page, defaulting to MediaBox
2025-05-02 13:21:02,038 - WARNING - CropBox missing from /Page, defaulting to MediaBox
2025-05-02 13:21:02,038 - INFO - Layout analysis: Single-column
2025-05-02 13:21:02,038 - INFO - Column divider at x-coordinate: 356.975976
2025-05-02 13:21:02,038 - ERROR - Error parsing resume resume/CV - Yamuna Devi.pdf: identify_section_headings() missing 1 required positional argument: 'is_multi_column'
2025-05-02 13:21:02,038 - ERROR - Traceback (most recent call last):
  File "/Users/tanishvardhineni/Downloads/ats-algo/resume-horizontal-v2.py", line 863, in parse_resume
    headings = identify_section_headings(elements, column_divider, is_multi_column)
TypeError: identify_section_headings() missing 1 required positional argument: 'is_multi_column'

2025-05-02 13:21:02,038 - INFO - 
Processing file 14/15: Resumee.pdf
2025-05-02 13:21:02,038 - INFO - Processing resume: resume/Resumee.pdf
2025-05-02 13:21:02,064 - INFO - Extracted 188 text elements
2025-05-02 13:21:02,065 - WARNING - CropBox missing from /Page, defaulting to MediaBox
2025-05-02 13:21:02,065 - WARNING - CropBox missing from /Page, defaulting to MediaBox
2025-05-02 13:21:02,065 - INFO - Layout orientation: Vertical
2025-05-02 13:21:02,066 - WARNING - CropBox missing from /Page, defaulting to MediaBox
2025-05-02 13:21:02,066 - WARNING - CropBox missing from /Page, defaulting to MediaBox
2025-05-02 13:21:02,066 - INFO - Layout analysis: Single-column
2025-05-02 13:21:02,066 - INFO - Column divider at x-coordinate: 357.16799999999995
2025-05-02 13:21:02,066 - ERROR - Error parsing resume resume/Resumee.pdf: identify_section_headings() missing 1 required positional argument: 'is_multi_column'
2025-05-02 13:21:02,066 - ERROR - Traceback (most recent call last):
  File "/Users/tanishvardhineni/Downloads/ats-algo/resume-horizontal-v2.py", line 863, in parse_resume
    headings = identify_section_headings(elements, column_divider, is_multi_column)
TypeError: identify_section_headings() missing 1 required positional argument: 'is_multi_column'

2025-05-02 13:21:02,066 - INFO - 
Processing file 15/15: Resume_Arjun - Arjun Aggarwal 24BEE0051.pdf
2025-05-02 13:21:02,066 - INFO - Processing resume: resume/Resume_Arjun - Arjun Aggarwal 24BEE0051.pdf
2025-05-02 13:21:02,397 - INFO - Extracted 0 text elements
2025-05-02 13:21:02,397 - ERROR - No text elements found in resume/Resume_Arjun - Arjun Aggarwal 24BEE0051.pdf
2025-05-02 13:21:02,397 - INFO - 
Processing complete. Results saved to resume/_output
2025-05-02 13:21:02,397 - INFO - Summary file created at resume/_output/processing_summary.txt
2025-05-02 13:22:26,262 - INFO - Found 15 PDF files in resume/
2025-05-02 13:22:26,262 - INFO - 
Processing file 1/15: RE - Nagasai Vuppala.pdf
2025-05-02 13:22:26,262 - INFO - Processing resume: resume/RE - Nagasai Vuppala.pdf
2025-05-02 13:22:26,294 - INFO - Extracted 79 text elements
2025-05-02 13:22:26,295 - ERROR - Error parsing resume resume/RE - Nagasai Vuppala.pdf: name 'statistics' is not defined
2025-05-02 13:22:26,295 - ERROR - Traceback (most recent call last):
  File "/Users/tanishvardhineni/Downloads/ats-algo/resume-horizontal-v2.py", line 160, in analyze_font_metrics
    median_size = statistics.median(font_sizes)
NameError: name 'statistics' is not defined

During handling of the above exception, another exception occurred:

Traceback (most recent call last):
  File "/Users/tanishvardhineni/Downloads/ats-algo/resume-horizontal-v2.py", line 852, in parse_resume
    font_metrics = analyze_font_metrics(elements)
  File "/Users/tanishvardhineni/Downloads/ats-algo/resume-horizontal-v2.py", line 169, in analyze_font_metrics
    except statistics.StatisticsError:
NameError: name 'statistics' is not defined

2025-05-02 13:22:26,295 - INFO - 
Processing file 2/15: jobresume - sowmya Reddy.pdf
2025-05-02 13:22:26,295 - INFO - Processing resume: resume/jobresume - sowmya Reddy.pdf
2025-05-02 13:22:26,314 - INFO - Extracted 95 text elements
2025-05-02 13:22:26,314 - ERROR - Error parsing resume resume/jobresume - sowmya Reddy.pdf: name 'statistics' is not defined
2025-05-02 13:22:26,315 - ERROR - Traceback (most recent call last):
  File "/Users/tanishvardhineni/Downloads/ats-algo/resume-horizontal-v2.py", line 160, in analyze_font_metrics
    median_size = statistics.median(font_sizes)
NameError: name 'statistics' is not defined

During handling of the above exception, another exception occurred:

Traceback (most recent call last):
  File "/Users/tanishvardhineni/Downloads/ats-algo/resume-horizontal-v2.py", line 852, in parse_resume
    font_metrics = analyze_font_metrics(elements)
  File "/Users/tanishvardhineni/Downloads/ats-algo/resume-horizontal-v2.py", line 169, in analyze_font_metrics
    except statistics.StatisticsError:
NameError: name 'statistics' is not defined

2025-05-02 13:22:26,315 - INFO - 
Processing file 3/15: My_New_Resume_Pro_3_vir - Aditya Patki.pdf
2025-05-02 13:22:26,315 - INFO - Processing resume: resume/My_New_Resume_Pro_3_vir - Aditya Patki.pdf
2025-05-02 13:22:26,346 - INFO - Extracted 125 text elements
2025-05-02 13:22:26,346 - ERROR - Error parsing resume resume/My_New_Resume_Pro_3_vir - Aditya Patki.pdf: name 'statistics' is not defined
2025-05-02 13:22:26,346 - ERROR - Traceback (most recent call last):
  File "/Users/tanishvardhineni/Downloads/ats-algo/resume-horizontal-v2.py", line 160, in analyze_font_metrics
    median_size = statistics.median(font_sizes)
NameError: name 'statistics' is not defined

During handling of the above exception, another exception occurred:

Traceback (most recent call last):
  File "/Users/tanishvardhineni/Downloads/ats-algo/resume-horizontal-v2.py", line 852, in parse_resume
    font_metrics = analyze_font_metrics(elements)
  File "/Users/tanishvardhineni/Downloads/ats-algo/resume-horizontal-v2.py", line 169, in analyze_font_metrics
    except statistics.StatisticsError:
NameError: name 'statistics' is not defined

2025-05-02 13:22:26,346 - INFO - 
Processing file 4/15: Pavan Final Resume - PAVAN TAGORE KANALA.pdf
2025-05-02 13:22:26,346 - INFO - Processing resume: resume/Pavan Final Resume - PAVAN TAGORE KANALA.pdf
2025-05-02 13:22:26,358 - INFO - Extracted 66 text elements
2025-05-02 13:22:26,358 - ERROR - Error parsing resume resume/Pavan Final Resume - PAVAN TAGORE KANALA.pdf: name 'statistics' is not defined
2025-05-02 13:22:26,358 - ERROR - Traceback (most recent call last):
  File "/Users/tanishvardhineni/Downloads/ats-algo/resume-horizontal-v2.py", line 160, in analyze_font_metrics
    median_size = statistics.median(font_sizes)
NameError: name 'statistics' is not defined

During handling of the above exception, another exception occurred:

Traceback (most recent call last):
  File "/Users/tanishvardhineni/Downloads/ats-algo/resume-horizontal-v2.py", line 852, in parse_resume
    font_metrics = analyze_font_metrics(elements)
  File "/Users/tanishvardhineni/Downloads/ats-algo/resume-horizontal-v2.py", line 169, in analyze_font_metrics
    except statistics.StatisticsError:
NameError: name 'statistics' is not defined

2025-05-02 13:22:26,358 - INFO - 
Processing file 5/15: Tanish_Resume_Mar25.pdf
2025-05-02 13:22:26,358 - INFO - Processing resume: resume/Tanish_Resume_Mar25.pdf
2025-05-02 13:22:26,377 - INFO - Extracted 115 text elements
2025-05-02 13:22:26,377 - ERROR - Error parsing resume resume/Tanish_Resume_Mar25.pdf: name 'statistics' is not defined
2025-05-02 13:22:26,378 - ERROR - Traceback (most recent call last):
  File "/Users/tanishvardhineni/Downloads/ats-algo/resume-horizontal-v2.py", line 160, in analyze_font_metrics
    median_size = statistics.median(font_sizes)
NameError: name 'statistics' is not defined

During handling of the above exception, another exception occurred:

Traceback (most recent call last):
  File "/Users/tanishvardhineni/Downloads/ats-algo/resume-horizontal-v2.py", line 852, in parse_resume
    font_metrics = analyze_font_metrics(elements)
  File "/Users/tanishvardhineni/Downloads/ats-algo/resume-horizontal-v2.py", line 169, in analyze_font_metrics
    except statistics.StatisticsError:
NameError: name 'statistics' is not defined

2025-05-02 13:22:26,378 - INFO - 
Processing file 6/15: resume - Pranay Reddy.pdf
2025-05-02 13:22:26,378 - INFO - Processing resume: resume/resume - Pranay Reddy.pdf
2025-05-02 13:22:26,392 - INFO - Extracted 53 text elements
2025-05-02 13:22:26,392 - ERROR - Error parsing resume resume/resume - Pranay Reddy.pdf: name 'statistics' is not defined
2025-05-02 13:22:26,392 - ERROR - Traceback (most recent call last):
  File "/Users/tanishvardhineni/Downloads/ats-algo/resume-horizontal-v2.py", line 160, in analyze_font_metrics
    median_size = statistics.median(font_sizes)
NameError: name 'statistics' is not defined

During handling of the above exception, another exception occurred:

Traceback (most recent call last):
  File "/Users/tanishvardhineni/Downloads/ats-algo/resume-horizontal-v2.py", line 852, in parse_resume
    font_metrics = analyze_font_metrics(elements)
  File "/Users/tanishvardhineni/Downloads/ats-algo/resume-horizontal-v2.py", line 169, in analyze_font_metrics
    except statistics.StatisticsError:
NameError: name 'statistics' is not defined

2025-05-02 13:22:26,392 - INFO - 
Processing file 7/15: resumenew.pdf
2025-05-02 13:22:26,392 - INFO - Processing resume: resume/resumenew.pdf
2025-05-02 13:22:26,407 - INFO - Extracted 71 text elements
2025-05-02 13:22:26,407 - ERROR - Error parsing resume resume/resumenew.pdf: name 'statistics' is not defined
2025-05-02 13:22:26,407 - ERROR - Traceback (most recent call last):
  File "/Users/tanishvardhineni/Downloads/ats-algo/resume-horizontal-v2.py", line 160, in analyze_font_metrics
    median_size = statistics.median(font_sizes)
NameError: name 'statistics' is not defined

During handling of the above exception, another exception occurred:

Traceback (most recent call last):
  File "/Users/tanishvardhineni/Downloads/ats-algo/resume-horizontal-v2.py", line 852, in parse_resume
    font_metrics = analyze_font_metrics(elements)
  File "/Users/tanishvardhineni/Downloads/ats-algo/resume-horizontal-v2.py", line 169, in analyze_font_metrics
    except statistics.StatisticsError:
NameError: name 'statistics' is not defined

2025-05-02 13:22:26,407 - INFO - 
Processing file 8/15: Maulie_Kothari_CV - Maulie Kothari.pdf
2025-05-02 13:22:26,407 - INFO - Processing resume: resume/Maulie_Kothari_CV - Maulie Kothari.pdf
2025-05-02 13:22:26,438 - INFO - Extracted 130 text elements
2025-05-02 13:22:26,438 - ERROR - Error parsing resume resume/Maulie_Kothari_CV - Maulie Kothari.pdf: name 'statistics' is not defined
2025-05-02 13:22:26,438 - ERROR - Traceback (most recent call last):
  File "/Users/tanishvardhineni/Downloads/ats-algo/resume-horizontal-v2.py", line 160, in analyze_font_metrics
    median_size = statistics.median(font_sizes)
NameError: name 'statistics' is not defined

During handling of the above exception, another exception occurred:

Traceback (most recent call last):
  File "/Users/tanishvardhineni/Downloads/ats-algo/resume-horizontal-v2.py", line 852, in parse_resume
    font_metrics = analyze_font_metrics(elements)
  File "/Users/tanishvardhineni/Downloads/ats-algo/resume-horizontal-v2.py", line 169, in analyze_font_metrics
    except statistics.StatisticsError:
NameError: name 'statistics' is not defined

2025-05-02 13:22:26,438 - INFO - 
Processing file 9/15: Sathwik-Reddy-Thalla-CV.pdf
2025-05-02 13:22:26,438 - INFO - Processing resume: resume/Sathwik-Reddy-Thalla-CV.pdf
2025-05-02 13:22:26,458 - INFO - Extracted 83 text elements
2025-05-02 13:22:26,458 - ERROR - Error parsing resume resume/Sathwik-Reddy-Thalla-CV.pdf: name 'statistics' is not defined
2025-05-02 13:22:26,458 - ERROR - Traceback (most recent call last):
  File "/Users/tanishvardhineni/Downloads/ats-algo/resume-horizontal-v2.py", line 160, in analyze_font_metrics
    median_size = statistics.median(font_sizes)
NameError: name 'statistics' is not defined

During handling of the above exception, another exception occurred:

Traceback (most recent call last):
  File "/Users/tanishvardhineni/Downloads/ats-algo/resume-horizontal-v2.py", line 852, in parse_resume
    font_metrics = analyze_font_metrics(elements)
  File "/Users/tanishvardhineni/Downloads/ats-algo/resume-horizontal-v2.py", line 169, in analyze_font_metrics
    except statistics.StatisticsError:
NameError: name 'statistics' is not defined

2025-05-02 13:22:26,458 - INFO - 
Processing file 10/15: TejasaisumukhTammanaResume - Tejasaisumukh Tammana.pdf
2025-05-02 13:22:26,458 - INFO - Processing resume: resume/TejasaisumukhTammanaResume - Tejasaisumukh Tammana.pdf
2025-05-02 13:22:26,466 - INFO - Extracted 38 text elements
2025-05-02 13:22:26,466 - ERROR - Error parsing resume resume/TejasaisumukhTammanaResume - Tejasaisumukh Tammana.pdf: name 'statistics' is not defined
2025-05-02 13:22:26,466 - ERROR - Traceback (most recent call last):
  File "/Users/tanishvardhineni/Downloads/ats-algo/resume-horizontal-v2.py", line 160, in analyze_font_metrics
    median_size = statistics.median(font_sizes)
NameError: name 'statistics' is not defined

During handling of the above exception, another exception occurred:

Traceback (most recent call last):
  File "/Users/tanishvardhineni/Downloads/ats-algo/resume-horizontal-v2.py", line 852, in parse_resume
    font_metrics = analyze_font_metrics(elements)
  File "/Users/tanishvardhineni/Downloads/ats-algo/resume-horizontal-v2.py", line 169, in analyze_font_metrics
    except statistics.StatisticsError:
NameError: name 'statistics' is not defined

2025-05-02 13:22:26,466 - INFO - 
Processing file 11/15: Vinod_s_Resume.pdf
2025-05-02 13:22:26,466 - INFO - Processing resume: resume/Vinod_s_Resume.pdf
2025-05-02 13:22:26,485 - INFO - Extracted 86 text elements
2025-05-02 13:22:26,485 - ERROR - Error parsing resume resume/Vinod_s_Resume.pdf: name 'statistics' is not defined
2025-05-02 13:22:26,485 - ERROR - Traceback (most recent call last):
  File "/Users/tanishvardhineni/Downloads/ats-algo/resume-horizontal-v2.py", line 160, in analyze_font_metrics
    median_size = statistics.median(font_sizes)
NameError: name 'statistics' is not defined

During handling of the above exception, another exception occurred:

Traceback (most recent call last):
  File "/Users/tanishvardhineni/Downloads/ats-algo/resume-horizontal-v2.py", line 852, in parse_resume
    font_metrics = analyze_font_metrics(elements)
  File "/Users/tanishvardhineni/Downloads/ats-algo/resume-horizontal-v2.py", line 169, in analyze_font_metrics
    except statistics.StatisticsError:
NameError: name 'statistics' is not defined

2025-05-02 13:22:26,485 - INFO - 
Processing file 12/15: Monish Muskar Resume (2).pdf
2025-05-02 13:22:26,485 - INFO - Processing resume: resume/Monish Muskar Resume (2).pdf
2025-05-02 13:22:26,515 - INFO - Extracted 73 text elements
2025-05-02 13:22:26,516 - ERROR - Error parsing resume resume/Monish Muskar Resume (2).pdf: name 'statistics' is not defined
2025-05-02 13:22:26,516 - ERROR - Traceback (most recent call last):
  File "/Users/tanishvardhineni/Downloads/ats-algo/resume-horizontal-v2.py", line 160, in analyze_font_metrics
    median_size = statistics.median(font_sizes)
NameError: name 'statistics' is not defined

During handling of the above exception, another exception occurred:

Traceback (most recent call last):
  File "/Users/tanishvardhineni/Downloads/ats-algo/resume-horizontal-v2.py", line 852, in parse_resume
    font_metrics = analyze_font_metrics(elements)
  File "/Users/tanishvardhineni/Downloads/ats-algo/resume-horizontal-v2.py", line 169, in analyze_font_metrics
    except statistics.StatisticsError:
NameError: name 'statistics' is not defined

2025-05-02 13:22:26,516 - INFO - 
Processing file 13/15: CV - Yamuna Devi.pdf
2025-05-02 13:22:26,516 - INFO - Processing resume: resume/CV - Yamuna Devi.pdf
2025-05-02 13:22:26,527 - INFO - Extracted 65 text elements
2025-05-02 13:22:26,527 - ERROR - Error parsing resume resume/CV - Yamuna Devi.pdf: name 'statistics' is not defined
2025-05-02 13:22:26,527 - ERROR - Traceback (most recent call last):
  File "/Users/tanishvardhineni/Downloads/ats-algo/resume-horizontal-v2.py", line 160, in analyze_font_metrics
    median_size = statistics.median(font_sizes)
NameError: name 'statistics' is not defined

During handling of the above exception, another exception occurred:

Traceback (most recent call last):
  File "/Users/tanishvardhineni/Downloads/ats-algo/resume-horizontal-v2.py", line 852, in parse_resume
    font_metrics = analyze_font_metrics(elements)
  File "/Users/tanishvardhineni/Downloads/ats-algo/resume-horizontal-v2.py", line 169, in analyze_font_metrics
    except statistics.StatisticsError:
NameError: name 'statistics' is not defined

2025-05-02 13:22:26,527 - INFO - 
Processing file 14/15: Resumee.pdf
2025-05-02 13:22:26,527 - INFO - Processing resume: resume/Resumee.pdf
2025-05-02 13:22:26,553 - INFO - Extracted 188 text elements
2025-05-02 13:22:26,553 - ERROR - Error parsing resume resume/Resumee.pdf: name 'statistics' is not defined
2025-05-02 13:22:26,553 - ERROR - Traceback (most recent call last):
  File "/Users/tanishvardhineni/Downloads/ats-algo/resume-horizontal-v2.py", line 160, in analyze_font_metrics
    median_size = statistics.median(font_sizes)
NameError: name 'statistics' is not defined

During handling of the above exception, another exception occurred:

Traceback (most recent call last):
  File "/Users/tanishvardhineni/Downloads/ats-algo/resume-horizontal-v2.py", line 852, in parse_resume
    font_metrics = analyze_font_metrics(elements)
  File "/Users/tanishvardhineni/Downloads/ats-algo/resume-horizontal-v2.py", line 169, in analyze_font_metrics
    except statistics.StatisticsError:
NameError: name 'statistics' is not defined

2025-05-02 13:22:26,553 - INFO - 
Processing file 15/15: Resume_Arjun - Arjun Aggarwal 24BEE0051.pdf
2025-05-02 13:22:26,553 - INFO - Processing resume: resume/Resume_Arjun - Arjun Aggarwal 24BEE0051.pdf
2025-05-02 13:22:26,880 - INFO - Extracted 0 text elements
2025-05-02 13:22:26,880 - ERROR - No text elements found in resume/Resume_Arjun - Arjun Aggarwal 24BEE0051.pdf
2025-05-02 13:22:26,881 - INFO - 
Processing complete. Results saved to resume/_output
2025-05-02 13:22:26,881 - INFO - Summary file created at resume/_output/processing_summary.txt
2025-05-02 13:22:48,480 - INFO - Found 15 PDF files in resume/
2025-05-02 13:22:48,480 - INFO - 
Processing file 1/15: RE - Nagasai Vuppala.pdf
2025-05-02 13:22:48,480 - INFO - Processing resume: resume/RE - Nagasai Vuppala.pdf
2025-05-02 13:22:48,516 - INFO - Extracted 79 text elements
2025-05-02 13:22:48,516 - INFO - Font metrics analysis:
2025-05-02 13:22:48,517 - INFO -   - Median size: 9.96
2025-05-02 13:22:48,517 - INFO -   - Heading size threshold: 24.80
2025-05-02 13:22:48,523 - WARNING - CropBox missing from /Page, defaulting to MediaBox
2025-05-02 13:22:48,523 - WARNING - CropBox missing from /Page, defaulting to MediaBox
2025-05-02 13:22:48,523 - INFO - Layout orientation: Horizontal
2025-05-02 13:22:48,529 - WARNING - CropBox missing from /Page, defaulting to MediaBox
2025-05-02 13:22:48,529 - WARNING - CropBox missing from /Page, defaulting to MediaBox
2025-05-02 13:22:48,530 - INFO - Layout analysis: Single-column
2025-05-02 13:22:48,530 - INFO - Column divider at x-coordinate: 367.2
2025-05-02 13:22:48,534 - INFO - Identified 20 section headings:
2025-05-02 13:22:48,534 - INFO -   - EDUCATION (EDUCATION, single column)
2025-05-02 13:22:48,534 - INFO -   - PROJECTS (PROJECTS, single column)
2025-05-02 13:22:48,534 - INFO -   - TECHNICAL SKILLS (SKILLS, single column)
2025-05-02 13:22:48,534 - INFO -   - INTERNSHIPS (None, single column)
2025-05-02 13:22:48,534 - INFO -   - CERTIFICATIONS (CERTIFICATIONS, single column)
2025-05-02 13:22:48,534 - INFO -   - ACHIEVEMENTS (AWARDS, single column)
2025-05-02 13:22:48,534 - INFO -   - Vuppala Nagasai Eshwar Santhosh (None, single column)
2025-05-02 13:22:48,534 - INFO -   - Career Objective (SUMMARY, single column)
2025-05-02 13:22:48,534 - INFO -   - Data Analysis (None, single column)
2025-05-02 13:22:48,534 - INFO -   - Anurag University (None, single column)
2025-05-02 13:22:48,534 - INFO -   - Board of Intermediate Education (EDUCATION, single column)
2025-05-02 13:22:48,534 - INFO -   - AICTE-EduSkills (SKILLS, single column)
2025-05-02 13:22:48,534 - INFO -   - To-Do List Application (None, single column)
2025-05-02 13:22:48,534 - INFO -   - Languages (LANGUAGES, single column)
2025-05-02 13:22:48,534 - INFO -   - Frameworks (PROJECTS, single column)
2025-05-02 13:22:48,534 - INFO -   - GOOGLE AI-ML VIRTUAL Intern (None, single column)
2025-05-02 13:22:48,534 - INFO -   - with hands-on experience in developing responsive web applications. (None, single column)
2025-05-02 13:22:48,534 - INFO -   - creating, configuring, and implementing AI-driven document processing solutions. (None, single column)
2025-05-02 13:22:48,534 - INFO -   - Programming Skills and Expertise in Multiple Languages. (SKILLS, single column)
2025-05-02 13:22:48,534 - INFO -   - Insights Into Data Structures and Algorithms. (None, single column)
2025-05-02 13:22:48,536 - INFO - Extracted 6 sections
2025-05-02 13:22:48,565 - INFO - Annotated PDF saved to: resume/RE - Nagasai Vuppala_sections_highlighted.pdf
2025-05-02 13:22:48,566 - INFO - 
Extracted Section Content:
2025-05-02 13:22:48,566 - INFO - =========================
2025-05-02 13:22:48,566 - INFO - 
None:
2025-05-02 13:22:48,566 - ERROR - Error parsing resume resume/RE - Nagasai Vuppala.pdf: object of type 'NoneType' has no len()
2025-05-02 13:22:48,566 - ERROR - Traceback (most recent call last):
  File "/Users/tanishvardhineni/Downloads/ats-algo/resume-horizontal-v2.py", line 901, in parse_resume
    logger.info("-" * len(section_type))
TypeError: object of type 'NoneType' has no len()

2025-05-02 13:22:48,566 - INFO - 
Processing file 2/15: jobresume - sowmya Reddy.pdf
2025-05-02 13:22:48,566 - INFO - Processing resume: resume/jobresume - sowmya Reddy.pdf
2025-05-02 13:22:48,586 - INFO - Extracted 95 text elements
2025-05-02 13:22:48,586 - INFO - Font metrics analysis:
2025-05-02 13:22:48,586 - INFO -   - Median size: 10.14
2025-05-02 13:22:48,586 - INFO -   - Heading size threshold: 39.80
2025-05-02 13:22:48,588 - INFO - Layout orientation: Horizontal
2025-05-02 13:22:48,589 - INFO - Layout analysis: Single-column
2025-05-02 13:22:48,589 - INFO - Column divider at x-coordinate: 367.2
2025-05-02 13:22:48,594 - INFO - Identified 11 section headings:
2025-05-02 13:22:48,594 - INFO -   - PROGRAMMING (None, single column)
2025-05-02 13:22:48,594 - INFO -   - HTML | CSS | JAVASCRIPT (None, single column)
2025-05-02 13:22:48,594 - INFO -   - Vangooru Sowmya Reddy (None, single column)
2025-05-02 13:22:48,594 - INFO -   - LANGUAGES KNOWN (LANGUAGES, single column)
2025-05-02 13:22:48,594 - INFO -   - HTML | CSS | JAVASCRIPT (None, single column)
2025-05-02 13:22:48,594 - INFO -   - Tools (None, single column)
2025-05-02 13:22:48,594 - INFO -   - SQL (None, single column)
2025-05-02 13:22:48,594 - INFO -   - : By CISCO (None, single column)
2025-05-02 13:22:48,594 - INFO -   - Python Essentials (None, single column)
2025-05-02 13:22:48,594 - INFO -   - Languages (LANGUAGES, single column)
2025-05-02 13:22:48,594 - INFO -   - oft (None, single column)
2025-05-02 13:22:48,595 - INFO - Extracted 2 sections
2025-05-02 13:22:48,609 - INFO - Annotated PDF saved to: resume/jobresume - sowmya Reddy_sections_highlighted.pdf
2025-05-02 13:22:48,609 - INFO - 
Extracted Section Content:
2025-05-02 13:22:48,609 - INFO - =========================
2025-05-02 13:22:48,609 - INFO - 
None:
2025-05-02 13:22:48,609 - ERROR - Error parsing resume resume/jobresume - sowmya Reddy.pdf: object of type 'NoneType' has no len()
2025-05-02 13:22:48,609 - ERROR - Traceback (most recent call last):
  File "/Users/tanishvardhineni/Downloads/ats-algo/resume-horizontal-v2.py", line 901, in parse_resume
    logger.info("-" * len(section_type))
TypeError: object of type 'NoneType' has no len()

2025-05-02 13:22:48,609 - INFO - 
Processing file 3/15: My_New_Resume_Pro_3_vir - Aditya Patki.pdf
2025-05-02 13:22:48,609 - INFO - Processing resume: resume/My_New_Resume_Pro_3_vir - Aditya Patki.pdf
2025-05-02 13:22:48,639 - INFO - Extracted 125 text elements
2025-05-02 13:22:48,639 - INFO - Font metrics analysis:
2025-05-02 13:22:48,639 - INFO -   - Median size: 11.04
2025-05-02 13:22:48,639 - INFO -   - Heading size threshold: 22.00
2025-05-02 13:22:48,642 - WARNING - CropBox missing from /Page, defaulting to MediaBox
2025-05-02 13:22:48,642 - WARNING - CropBox missing from /Page, defaulting to MediaBox
2025-05-02 13:22:48,642 - INFO - Layout orientation: Vertical
2025-05-02 13:22:48,643 - WARNING - CropBox missing from /Page, defaulting to MediaBox
2025-05-02 13:22:48,644 - WARNING - CropBox missing from /Page, defaulting to MediaBox
2025-05-02 13:22:48,644 - INFO - Layout analysis: Single-column
2025-05-02 13:22:48,644 - INFO - Column divider at x-coordinate: 367.2
2025-05-02 13:22:48,651 - INFO - Identified 21 section headings:
2025-05-02 13:22:48,651 - INFO -   - ADITYA PATKI (None, single column)
2025-05-02 13:22:48,651 - INFO -   - Education (EDUCATION, single column)
2025-05-02 13:22:48,651 - INFO -   - Information Technology (None, single column)
2025-05-02 13:22:48,651 - INFO -   - CGPA: 8.97 (None, single column)
2025-05-02 13:22:48,651 - INFO -   - Skills (SKILLS, single column)
2025-05-02 13:22:48,651 - INFO -   - Programming Languages: (LANGUAGES, single column)
2025-05-02 13:22:48,651 - INFO -   - Web Technologies: (None, single column)
2025-05-02 13:22:48,651 - INFO -   - Technical Skills: (SKILLS, single column)
2025-05-02 13:22:48,651 - INFO -   - Certifications (CERTIFICATIONS, single column)
2025-05-02 13:22:48,651 - INFO -   - Leadership & Activiti (LEADERSHIP, single column)
2025-05-02 13:22:48,651 - INFO -   - ITechnoz Club Member: (None, single column)
2025-05-02 13:22:48,651 - INFO -   - Projects (PROJECTS, single column)
2025-05-02 13:22:48,651 - INFO -   - Team Collabration (None, single column)
2025-05-02 13:22:48,651 - INFO -   - problem-solving. (None, single column)
2025-05-02 13:22:48,651 - INFO -   - world projects. (PROJECTS, single column)
2025-05-02 13:22:48,651 - INFO -   - leadership and teamwork. (LEADERSHIP, single column)
2025-05-02 13:22:48,651 - INFO -   - proficiency in programming languages and (LANGUAGES, single column)
2025-05-02 13:22:48,651 - INFO -   - skills. (SKILLS, single column)
2025-05-02 13:22:48,651 - INFO -   - github.com/AdityaPatki77 (None, single column)
2025-05-02 13:22:48,651 - INFO -   - Personal Diary Management System (LEADERSHIP, single column)
2025-05-02 13:22:48,651 - INFO -   - Engaged in various university-level tech clubs (None, single column)
2025-05-02 13:22:48,655 - INFO - Extracted 4 sections
2025-05-02 13:22:48,677 - INFO - Annotated PDF saved to: resume/My_New_Resume_Pro_3_vir - Aditya Patki_sections_highlighted.pdf
2025-05-02 13:22:48,677 - INFO - 
Extracted Section Content:
2025-05-02 13:22:48,677 - INFO - =========================
2025-05-02 13:22:48,677 - INFO - 
None:
2025-05-02 13:22:48,677 - ERROR - Error parsing resume resume/My_New_Resume_Pro_3_vir - Aditya Patki.pdf: object of type 'NoneType' has no len()
2025-05-02 13:22:48,677 - ERROR - Traceback (most recent call last):
  File "/Users/tanishvardhineni/Downloads/ats-algo/resume-horizontal-v2.py", line 901, in parse_resume
    logger.info("-" * len(section_type))
TypeError: object of type 'NoneType' has no len()

2025-05-02 13:22:48,677 - INFO - 
Processing file 4/15: Pavan Final Resume - PAVAN TAGORE KANALA.pdf
2025-05-02 13:22:48,677 - INFO - Processing resume: resume/Pavan Final Resume - PAVAN TAGORE KANALA.pdf
2025-05-02 13:22:48,689 - INFO - Extracted 66 text elements
2025-05-02 13:22:48,689 - INFO - Font metrics analysis:
2025-05-02 13:22:48,689 - INFO -   - Median size: 12.00
2025-05-02 13:22:48,689 - INFO -   - Heading size threshold: 24.60
2025-05-02 13:22:48,690 - INFO - Layout orientation: Vertical
2025-05-02 13:22:48,691 - INFO - Layout analysis: Single-column
2025-05-02 13:22:48,691 - INFO - Column divider at x-coordinate: 357.3
2025-05-02 13:22:48,694 - INFO - Boosted confidence for -> C - Employment Management System based on content match
2025-05-02 13:22:48,694 - INFO - Identified 20 section headings:
2025-05-02 13:22:48,695 - INFO -   - Pragathi Junior College (None, single column)
2025-05-02 13:22:48,695 - INFO -   - SSC-CBSE (None, single column)
2025-05-02 13:22:48,695 - INFO -   - Projects (PROJECTS, single column)
2025-05-02 13:22:48,695 - INFO -   - IBM (None, single column)
2025-05-02 13:22:48,695 - INFO -   - Languages (LANGUAGES, single column)
2025-05-02 13:22:48,695 - INFO -   - Marks - 878/1000 (None, single column)
2025-05-02 13:22:48,695 - INFO -   - LinkedIn (None, single column)
2025-05-02 13:22:48,695 - INFO -   - Anurag University (None, single column)
2025-05-02 13:22:48,695 - INFO -   - Objective (SUMMARY, single column)
2025-05-02 13:22:48,695 - INFO -   - Certifications (CERTIFICATIONS, single column)
2025-05-02 13:22:48,695 - INFO -   - Skills (SKILLS, single column)
2025-05-02 13:22:48,695 - INFO -   - -> SQL (None, single column)
2025-05-02 13:22:48,695 - INFO -   - 6302189936 (None, single column)
2025-05-02 13:22:48,695 - INFO -   - CGPA-8.78(4 Sems) (None, single column)
2025-05-02 13:22:48,695 - INFO -   - 2019-2020 (None, single column)
2025-05-02 13:22:48,695 - INFO -   - A dedicated and ambitious B.Tech student passionate (None, single column)
2025-05-02 13:22:48,695 - INFO -   - engineering skills and analytical thinking to contribute (None, single column)
2025-05-02 13:22:48,695 - INFO -   - -> C - Employment Management System (EXPERIENCE, single column)
2025-05-02 13:22:48,695 - INFO -   - -> Java - Attendance Management System (LEADERSHIP, single column)
2025-05-02 13:22:48,695 - INFO -   - -> Time Management                  ->Java (LEADERSHIP, single column)
2025-05-02 13:22:48,697 - INFO - Extracted 5 sections
2025-05-02 13:22:48,715 - INFO - Annotated PDF saved to: resume/Pavan Final Resume - PAVAN TAGORE KANALA_sections_highlighted.pdf
2025-05-02 13:22:48,715 - INFO - 
Extracted Section Content:
2025-05-02 13:22:48,715 - INFO - =========================
2025-05-02 13:22:48,715 - INFO - 
None:
2025-05-02 13:22:48,715 - ERROR - Error parsing resume resume/Pavan Final Resume - PAVAN TAGORE KANALA.pdf: object of type 'NoneType' has no len()
2025-05-02 13:22:48,715 - ERROR - Traceback (most recent call last):
  File "/Users/tanishvardhineni/Downloads/ats-algo/resume-horizontal-v2.py", line 901, in parse_resume
    logger.info("-" * len(section_type))
TypeError: object of type 'NoneType' has no len()

2025-05-02 13:22:48,715 - INFO - 
Processing file 5/15: Tanish_Resume_Mar25.pdf
2025-05-02 13:22:48,715 - INFO - Processing resume: resume/Tanish_Resume_Mar25.pdf
2025-05-02 13:22:48,739 - INFO - Extracted 115 text elements
2025-05-02 13:22:48,739 - INFO - Font metrics analysis:
2025-05-02 13:22:48,739 - INFO -   - Median size: 9.96
2025-05-02 13:22:48,739 - INFO -   - Heading size threshold: 14.30
2025-05-02 13:22:48,743 - WARNING - CropBox missing from /Page, defaulting to MediaBox
2025-05-02 13:22:48,744 - WARNING - CropBox missing from /Page, defaulting to MediaBox
2025-05-02 13:22:48,744 - INFO - Layout orientation: Horizontal
2025-05-02 13:22:48,748 - WARNING - CropBox missing from /Page, defaulting to MediaBox
2025-05-02 13:22:48,748 - WARNING - CropBox missing from /Page, defaulting to MediaBox
2025-05-02 13:22:48,749 - INFO - Layout analysis: Single-column
2025-05-02 13:22:48,749 - INFO - Column divider at x-coordinate: 357.16799999999995
2025-05-02 13:22:48,757 - INFO - Identified 18 section headings:
2025-05-02 13:22:48,757 - INFO -   - Work Experience (EXPERIENCE, single column)
2025-05-02 13:22:48,757 - INFO -   - Education (EDUCATION, single column)
2025-05-02 13:22:48,757 - INFO -   - Projects (PROJECTS, single column)
2025-05-02 13:22:48,757 - INFO -   - Tanish Vardhineni (None, single column)
2025-05-02 13:22:48,757 - INFO -   - Skills (SKILLS, single column)
2025-05-02 13:22:48,757 - INFO -   - Awards and Achieveme (AWARDS, single column)
2025-05-02 13:22:48,757 - INFO -   - ThunderClient, Dublin (None, single column)
2025-05-02 13:22:48,757 - INFO -   - ClubHubb, Hyderabad (None, single column)
2025-05-02 13:22:48,757 - INFO -   - nts (None, single column)
2025-05-02 13:22:48,757 - INFO -   - CGPA: 8.5/10 (None, single column)
2025-05-02 13:22:48,757 - INFO -   - Languages: (LANGUAGES, single column)
2025-05-02 13:22:48,757 - INFO -   - Technologies: (None, single column)
2025-05-02 13:22:48,757 - INFO -   - Connect2Care: (None, single column)
2025-05-02 13:22:48,757 - INFO -   -  Led the creation of (None, single column)
2025-05-02 13:22:48,757 - INFO -   -  Introduced an (None, single column)
2025-05-02 13:22:48,757 - INFO -   - community-driven (VOLUNTEER, single column)
2025-05-02 13:22:48,757 - INFO -   - AI Traffic Management: (LEADERSHIP, single column)
2025-05-02 13:22:48,757 - INFO -   - productivity and code review efficiency. (None, single column)
2025-05-02 13:22:48,760 - INFO - Extracted 4 sections
2025-05-02 13:22:48,779 - INFO - Annotated PDF saved to: resume/Tanish_Resume_Mar25_sections_highlighted.pdf
2025-05-02 13:22:48,780 - INFO - 
Extracted Section Content:
2025-05-02 13:22:48,780 - INFO - =========================
2025-05-02 13:22:48,780 - INFO - 
None:
2025-05-02 13:22:48,780 - ERROR - Error parsing resume resume/Tanish_Resume_Mar25.pdf: object of type 'NoneType' has no len()
2025-05-02 13:22:48,780 - ERROR - Traceback (most recent call last):
  File "/Users/tanishvardhineni/Downloads/ats-algo/resume-horizontal-v2.py", line 901, in parse_resume
    logger.info("-" * len(section_type))
TypeError: object of type 'NoneType' has no len()

2025-05-02 13:22:48,780 - INFO - 
Processing file 6/15: resume - Pranay Reddy.pdf
2025-05-02 13:22:48,780 - INFO - Processing resume: resume/resume - Pranay Reddy.pdf
2025-05-02 13:22:48,794 - INFO - Extracted 53 text elements
2025-05-02 13:22:48,794 - INFO - Font metrics analysis:
2025-05-02 13:22:48,794 - INFO -   - Median size: 13.69
2025-05-02 13:22:48,794 - INFO -   - Heading size threshold: 29.00
2025-05-02 13:22:48,795 - INFO - Layout orientation: Horizontal
2025-05-02 13:22:48,796 - INFO - Layout analysis: Single-column
2025-05-02 13:22:48,796 - INFO - Column divider at x-coordinate: 357.3
2025-05-02 13:22:48,798 - INFO - Identified 14 section headings:
2025-05-02 13:22:48,798 - INFO -   - HEADSTARTER AI (None, single column)
2025-05-02 13:22:48,798 - INFO -   - 026 (None, single column)
2025-05-02 13:22:48,798 - INFO -   - Bengaluru, India | +91-9632520896 | pranayreddy056@gmail.com (None, single column)
2025-05-02 13:22:48,799 - INFO -   - Vellore Institute of technology (None, single column)
2025-05-02 13:22:48,799 - INFO -   - Bachelor of (None, single column)
2025-05-02 13:22:48,799 - INFO -   - Introduction to Back-End Development by META (SUMMARY, single column)
2025-05-02 13:22:48,799 - INFO -   - Remote (None, single column)
2025-05-02 13:22:48,799 - INFO -   - ECHNICAL SKILLS (SKILLS, single column)
2025-05-02 13:22:48,799 - INFO -   - Analyzed physical and chemical parameters, established correlations between ideal (None, single column)
2025-05-02 13:22:48,799 - INFO -   - July 2024 - Sep 2024 (None, single column)
2025-05-02 13:22:48,799 - INFO -   - 400+ teams. (None, single column)
2025-05-02 13:22:48,799 - INFO -   - Attended mock interviews for DSA concepts and Networked with industry professionals and expanded knowledge in AI applications. (None, single column)
2025-05-02 13:22:48,799 - INFO -   - Attended mock interviews for DSA concepts and Networked with industry (None, single column)
2025-05-02 13:22:48,799 - INFO -   - Design Head of KLA Club, leading and managing a team of 20+ designers. (None, single column)
2025-05-02 13:22:48,799 - INFO - Extracted 2 sections
2025-05-02 13:22:48,812 - INFO - Annotated PDF saved to: resume/resume - Pranay Reddy_sections_highlighted.pdf
2025-05-02 13:22:48,813 - INFO - 
Extracted Section Content:
2025-05-02 13:22:48,813 - INFO - =========================
2025-05-02 13:22:48,813 - INFO - 
None:
2025-05-02 13:22:48,813 - ERROR - Error parsing resume resume/resume - Pranay Reddy.pdf: object of type 'NoneType' has no len()
2025-05-02 13:22:48,813 - ERROR - Traceback (most recent call last):
  File "/Users/tanishvardhineni/Downloads/ats-algo/resume-horizontal-v2.py", line 901, in parse_resume
    logger.info("-" * len(section_type))
TypeError: object of type 'NoneType' has no len()

2025-05-02 13:22:48,813 - INFO - 
Processing file 7/15: resumenew.pdf
2025-05-02 13:22:48,813 - INFO - Processing resume: resume/resumenew.pdf
2025-05-02 13:22:48,829 - INFO - Extracted 71 text elements
2025-05-02 13:22:48,829 - INFO - Font metrics analysis:
2025-05-02 13:22:48,829 - INFO -   - Median size: 10.50
2025-05-02 13:22:48,829 - INFO -   - Heading size threshold: 10.50
2025-05-02 13:22:48,831 - WARNING - CropBox missing from /Page, defaulting to MediaBox
2025-05-02 13:22:48,831 - WARNING - CropBox missing from /Page, defaulting to MediaBox
2025-05-02 13:22:48,831 - INFO - Layout orientation: Horizontal
2025-05-02 13:22:48,832 - WARNING - CropBox missing from /Page, defaulting to MediaBox
2025-05-02 13:22:48,832 - WARNING - CropBox missing from /Page, defaulting to MediaBox
2025-05-02 13:22:48,832 - INFO - Layout analysis: Single-column
2025-05-02 13:22:48,832 - INFO - Column divider at x-coordinate: 356.975976
2025-05-02 13:22:48,835 - INFO - Identified 18 section headings:
2025-05-02 13:22:48,835 - INFO -   - SKILLS (SKILLS, single column)
2025-05-02 13:22:48,835 - INFO -   - MOHAMMAD MASOOD (None, single column)
2025-05-02 13:22:48,835 - INFO -   - EDUCATION (EDUCATION, single column)
2025-05-02 13:22:48,835 - INFO -   - CERTIFICATES (None, single column)
2025-05-02 13:22:48,835 - INFO -   - PROFILE (CONTACT, single column)
2025-05-02 13:22:48,835 - INFO -   - PROJECTS (PROJECTS, single column)
2025-05-02 13:22:48,835 - INFO -   - INTERNSHIP (None, single column)
2025-05-02 13:22:48,835 - INFO -   - LANGUAGES (LANGUAGES, single column)
2025-05-02 13:22:48,836 - INFO -   - SIGN LANGUAGE DETECTION USING MACHINE LEARNING (None, single column)
2025-05-02 13:22:48,836 - INFO -   - Soft Skills (SKILLS, single column)
2025-05-02 13:22:48,836 - INFO -   - Anurag University (None, single column)
2025-05-02 13:22:48,836 - INFO -   - Urbane Junior College (None, single column)
2025-05-02 13:22:48,836 - INFO -   - CBSE | (None, single column)
2025-05-02 13:22:48,836 - INFO -   - Languages (LANGUAGES, single column)
2025-05-02 13:22:48,836 - INFO -   - Technologies and Tools (None, single column)
2025-05-02 13:22:48,836 - INFO -   - linkedin.com/masood2004 (None, single column)
2025-05-02 13:22:48,836 - INFO -   - English (None, single column)
2025-05-02 13:22:48,836 - INFO -   - A ServiceNow developer who has a strong foundation in Artificial Intelligence and Machine Learning, backed (None, single column)
2025-05-02 13:22:48,838 - INFO - Extracted 2 sections
2025-05-02 13:22:48,852 - INFO - Annotated PDF saved to: resume/resumenew_sections_highlighted.pdf
2025-05-02 13:22:48,853 - INFO - 
Extracted Section Content:
2025-05-02 13:22:48,853 - INFO - =========================
2025-05-02 13:22:48,853 - INFO - 
None:
2025-05-02 13:22:48,853 - ERROR - Error parsing resume resume/resumenew.pdf: object of type 'NoneType' has no len()
2025-05-02 13:22:48,853 - ERROR - Traceback (most recent call last):
  File "/Users/tanishvardhineni/Downloads/ats-algo/resume-horizontal-v2.py", line 901, in parse_resume
    logger.info("-" * len(section_type))
TypeError: object of type 'NoneType' has no len()

2025-05-02 13:22:48,853 - INFO - 
Processing file 8/15: Maulie_Kothari_CV - Maulie Kothari.pdf
2025-05-02 13:22:48,853 - INFO - Processing resume: resume/Maulie_Kothari_CV - Maulie Kothari.pdf
2025-05-02 13:22:48,889 - INFO - Extracted 130 text elements
2025-05-02 13:22:48,889 - INFO - Font metrics analysis:
2025-05-02 13:22:48,890 - INFO -   - Median size: 9.96
2025-05-02 13:22:48,890 - INFO -   - Heading size threshold: 9.00
2025-05-02 13:22:48,891 - WARNING - CropBox missing from /Page, defaulting to MediaBox
2025-05-02 13:22:48,891 - WARNING - CropBox missing from /Page, defaulting to MediaBox
2025-05-02 13:22:48,891 - INFO - Layout orientation: Horizontal
2025-05-02 13:22:48,892 - WARNING - CropBox missing from /Page, defaulting to MediaBox
2025-05-02 13:22:48,892 - WARNING - CropBox missing from /Page, defaulting to MediaBox
2025-05-02 13:22:48,892 - INFO - Layout analysis: Single-column
2025-05-02 13:22:48,892 - INFO - Column divider at x-coordinate: 356.976
2025-05-02 13:22:48,900 - INFO - Identified 20 section headings:
2025-05-02 13:22:48,900 - INFO -   - MAULIE KOTHARI (None, single column)
2025-05-02 13:22:48,900 - INFO -   - SKILLS (SKILLS, single column)
2025-05-02 13:22:48,900 - INFO -   - WORK EXPERIENCE AND PROJECTS (EXPERIENCE, single column)
2025-05-02 13:22:48,900 - INFO -   - EXTRA-CURRICULAR (None, single column)
2025-05-02 13:22:48,900 - INFO -   - EDUCATION AND ACADEMIC ACHIEVEMENTS (EDUCATION, single column)
2025-05-02 13:22:48,900 - INFO -   - CERTIFICATIONS AND COURSE (CERTIFICATIONS, single column)
2025-05-02 13:22:48,900 - INFO -   - POSITIONS OF RESPONSIBILITY (None, single column)
2025-05-02 13:22:48,900 - INFO -   - De (None, single column)
2025-05-02 13:22:48,900 - INFO -   - Zomato Data Analysis (None, single column)
2025-05-02 13:22:48,900 - INFO -   - Co-Secretary (None, single column)
2025-05-02 13:22:48,900 - INFO -   - Data Analytics                                                                                                                                        Inspira Enterprise | June 2024 - Ongoing (None, single column)
2025-05-02 13:22:48,900 - INFO -   - AtliQ Grands - Business and Data Intelligence (None, single column)
2025-05-02 13:22:48,900 - INFO -   - Python for Data Science, AI & Development (None, single column)
2025-05-02 13:22:48,900 - INFO -   - Other interests and hobbies: (INTERESTS, single column)
2025-05-02 13:22:48,900 - INFO -   - Languages: (LANGUAGES, single column)
2025-05-02 13:22:48,900 - INFO -   - 92.6 (None, single column)
2025-05-02 13:22:48,900 - INFO -   - Tools (None, single column)
2025-05-02 13:22:48,900 - INFO -   - Coding Languages (LANGUAGES, single column)
2025-05-02 13:22:48,900 - INFO -   - and management divisions of the club (LEADERSHIP, single column)
2025-05-02 13:22:48,900 - INFO -   - Cleaned, modelled and analysed 7 datasets to uncover insights into content trends to inform strategic decisions. (None, single column)
2025-05-02 13:22:48,903 - INFO - Extracted 3 sections
2025-05-02 13:22:48,922 - INFO - Annotated PDF saved to: resume/Maulie_Kothari_CV - Maulie Kothari_sections_highlighted.pdf
2025-05-02 13:22:48,922 - INFO - 
Extracted Section Content:
2025-05-02 13:22:48,922 - INFO - =========================
2025-05-02 13:22:48,922 - INFO - 
None:
2025-05-02 13:22:48,922 - ERROR - Error parsing resume resume/Maulie_Kothari_CV - Maulie Kothari.pdf: object of type 'NoneType' has no len()
2025-05-02 13:22:48,922 - ERROR - Traceback (most recent call last):
  File "/Users/tanishvardhineni/Downloads/ats-algo/resume-horizontal-v2.py", line 901, in parse_resume
    logger.info("-" * len(section_type))
TypeError: object of type 'NoneType' has no len()

2025-05-02 13:22:48,922 - INFO - 
Processing file 9/15: Sathwik-Reddy-Thalla-CV.pdf
2025-05-02 13:22:48,922 - INFO - Processing resume: resume/Sathwik-Reddy-Thalla-CV.pdf
2025-05-02 13:22:48,941 - INFO - Extracted 83 text elements
2025-05-02 13:22:48,941 - INFO - Font metrics analysis:
2025-05-02 13:22:48,941 - INFO -   - Median size: 9.49
2025-05-02 13:22:48,941 - INFO -   - Heading size threshold: 24.00
2025-05-02 13:22:48,942 - WARNING - CropBox missing from /Page, defaulting to MediaBox
2025-05-02 13:22:48,943 - WARNING - CropBox missing from /Page, defaulting to MediaBox
2025-05-02 13:22:48,943 - INFO - Layout orientation: Vertical
2025-05-02 13:22:48,944 - WARNING - CropBox missing from /Page, defaulting to MediaBox
2025-05-02 13:22:48,944 - WARNING - CropBox missing from /Page, defaulting to MediaBox
2025-05-02 13:22:48,944 - INFO - Layout analysis: Single-column
2025-05-02 13:22:48,944 - INFO - Column divider at x-coordinate: 356.975976
2025-05-02 13:22:48,948 - INFO - Identified 18 section headings:
2025-05-02 13:22:48,948 - INFO -   - EDUCATION (EDUCATION, single column)
2025-05-02 13:22:48,948 - INFO -   - PROJECTS (PROJECTS, single column)
2025-05-02 13:22:48,948 - INFO -   - Sathwik Reddy Thalla (None, single column)
2025-05-02 13:22:48,948 - INFO -   - PROFILE (CONTACT, single column)
2025-05-02 13:22:48,948 - INFO -   - SKILLS (SKILLS, single column)
2025-05-02 13:22:48,948 - INFO -   - INTERNSHIPS AND PROFESSIONAL EXPERIENCE (None, single column)
2025-05-02 13:22:48,948 - INFO -   - CERTIFICATES (None, single column)
2025-05-02 13:22:48,948 - INFO -   - STUDENT CLUB EXPERIENCE (EXPERIENCE, single column)
2025-05-02 13:22:48,948 - INFO -   - CGPA - 7.55 (None, single column)
2025-05-02 13:22:48,948 - INFO -   - Programming Languages: (LANGUAGES, single column)
2025-05-02 13:22:48,948 - INFO -   - Verzeo, (None, single column)
2025-05-02 13:22:48,948 - INFO -   - GPA - 8.7 (None, single column)
2025-05-02 13:22:48,949 - INFO -   - AWS Academy: (None, single column)
2025-05-02 13:22:48,949 - INFO -   - Kriya (Management Club), (LEADERSHIP, single column)
2025-05-02 13:22:48,949 - INFO -   - Parkinson Disease prediction using voice (None, single column)
2025-05-02 13:22:48,949 - INFO -   - AI for Medical Record Summarization (None, single column)
2025-05-02 13:22:48,949 - INFO -   - AI Traffic Management System (LEADERSHIP, single column)
2025-05-02 13:22:48,949 - INFO -   - Passionate computer science student with a solid understanding of C, Java, and Python. Focused on mastering data structures and full- (None, single column)
2025-05-02 13:22:48,951 - INFO - Extracted 3 sections
2025-05-02 13:22:48,970 - INFO - Annotated PDF saved to: resume/Sathwik-Reddy-Thalla-CV_sections_highlighted.pdf
2025-05-02 13:22:48,970 - INFO - 
Extracted Section Content:
2025-05-02 13:22:48,970 - INFO - =========================
2025-05-02 13:22:48,970 - INFO - 
None:
2025-05-02 13:22:48,970 - ERROR - Error parsing resume resume/Sathwik-Reddy-Thalla-CV.pdf: object of type 'NoneType' has no len()
2025-05-02 13:22:48,971 - ERROR - Traceback (most recent call last):
  File "/Users/tanishvardhineni/Downloads/ats-algo/resume-horizontal-v2.py", line 901, in parse_resume
    logger.info("-" * len(section_type))
TypeError: object of type 'NoneType' has no len()

2025-05-02 13:22:48,971 - INFO - 
Processing file 10/15: TejasaisumukhTammanaResume - Tejasaisumukh Tammana.pdf
2025-05-02 13:22:48,971 - INFO - Processing resume: resume/TejasaisumukhTammanaResume - Tejasaisumukh Tammana.pdf
2025-05-02 13:22:48,979 - INFO - Extracted 38 text elements
2025-05-02 13:22:48,979 - INFO - Font metrics analysis:
2025-05-02 13:22:48,979 - INFO -   - Median size: 8.25
2025-05-02 13:22:48,979 - INFO -   - Heading size threshold: 63.40
2025-05-02 13:22:48,982 - WARNING - CropBox missing from /Page, defaulting to MediaBox
2025-05-02 13:22:48,982 - WARNING - CropBox missing from /Page, defaulting to MediaBox
2025-05-02 13:22:48,982 - INFO - Layout orientation: Vertical
2025-05-02 13:22:48,985 - WARNING - CropBox missing from /Page, defaulting to MediaBox
2025-05-02 13:22:48,985 - WARNING - CropBox missing from /Page, defaulting to MediaBox
2025-05-02 13:22:48,985 - INFO - Layout analysis: Single-column
2025-05-02 13:22:48,985 - INFO - Column divider at x-coordinate: 357.551988
2025-05-02 13:22:48,986 - INFO - Boosted confidence for LinkedIn/Portfolio based on content match
2025-05-02 13:22:48,986 - INFO - Identified 11 section headings:
2025-05-02 13:22:48,986 - INFO -   - TEJASAISUMUKH TAMMANA (None, single column)
2025-05-02 13:22:48,986 - INFO -   - EDUCATION (EDUCATION, single column)
2025-05-02 13:22:48,986 - INFO -   - LANGUAGES (LANGUAGES, single column)
2025-05-02 13:22:48,986 - INFO -   - Java (None, single column)
2025-05-02 13:22:48,986 - INFO -   - Vellore institute of technology Vellore (None, single column)
2025-05-02 13:22:48,986 - INFO -   - Good programming (None, single column)
2025-05-02 13:22:48,986 - INFO -   - Vellore (None, single column)
2025-05-02 13:22:48,986 - INFO -   - KEY ACHIEVEMENTS (AWARDS, single column)
2025-05-02 13:22:48,986 - INFO -   - SKILLS (SKILLS, single column)
2025-05-02 13:22:48,986 - INFO -   - www.enhancv.com (None, single column)
2025-05-02 13:22:48,986 - INFO -   - LinkedIn/Portfolio (PROJECTS, single column)
2025-05-02 13:22:48,987 - INFO - Extracted 2 sections
2025-05-02 13:22:49,000 - INFO - Annotated PDF saved to: resume/TejasaisumukhTammanaResume - Tejasaisumukh Tammana_sections_highlighted.pdf
2025-05-02 13:22:49,000 - INFO - 
Extracted Section Content:
2025-05-02 13:22:49,000 - INFO - =========================
2025-05-02 13:22:49,000 - INFO - 
AWARDS:
2025-05-02 13:22:49,000 - INFO - ------
2025-05-02 13:22:49,000 - INFO - --- SINGLE COLUMN ---

Visual recognition system
2025-05-02 13:22:49,000 - INFO - 
None:
2025-05-02 13:22:49,000 - ERROR - Error parsing resume resume/TejasaisumukhTammanaResume - Tejasaisumukh Tammana.pdf: object of type 'NoneType' has no len()
2025-05-02 13:22:49,000 - ERROR - Traceback (most recent call last):
  File "/Users/tanishvardhineni/Downloads/ats-algo/resume-horizontal-v2.py", line 901, in parse_resume
    logger.info("-" * len(section_type))
TypeError: object of type 'NoneType' has no len()

2025-05-02 13:22:49,000 - INFO - 
Processing file 11/15: Vinod_s_Resume.pdf
2025-05-02 13:22:49,000 - INFO - Processing resume: resume/Vinod_s_Resume.pdf
2025-05-02 13:22:49,020 - INFO - Extracted 86 text elements
2025-05-02 13:22:49,020 - INFO - Font metrics analysis:
2025-05-02 13:22:49,020 - INFO -   - Median size: 9.96
2025-05-02 13:22:49,020 - INFO -   - Heading size threshold: 24.80
2025-05-02 13:22:49,027 - WARNING - CropBox missing from /Page, defaulting to MediaBox
2025-05-02 13:22:49,027 - WARNING - CropBox missing from /Page, defaulting to MediaBox
2025-05-02 13:22:49,028 - INFO - Layout orientation: Vertical
2025-05-02 13:22:49,034 - WARNING - CropBox missing from /Page, defaulting to MediaBox
2025-05-02 13:22:49,034 - WARNING - CropBox missing from /Page, defaulting to MediaBox
2025-05-02 13:22:49,034 - INFO - Layout analysis: Single-column
2025-05-02 13:22:49,034 - INFO - Column divider at x-coordinate: 367.2
2025-05-02 13:22:49,038 - INFO - Identified 17 section headings:
2025-05-02 13:22:49,038 - INFO -   - Education (EDUCATION, single column)
2025-05-02 13:22:49,038 - INFO -   - Experience (EXPERIENCE, single column)
2025-05-02 13:22:49,038 - INFO -   - Technical Skills (SKILLS, single column)
2025-05-02 13:22:49,038 - INFO -   - TSBIE , 974 (None, single column)
2025-05-02 13:22:49,038 - INFO -   - Machine Learning Projects (PROJECTS, single column)
2025-05-02 13:22:49,038 - INFO -   - Vinod Kumar Reddy Yellannagari (None, single column)
2025-05-02 13:22:49,038 - INFO -   - Thunder Client Limited (None, single column)
2025-05-02 13:22:49,038 - INFO -   - Agrihar (None, single column)
2025-05-02 13:22:49,038 - INFO -   - Projects (PROJECTS, single column)
2025-05-02 13:22:49,038 - INFO -   - Clubhubb (None, single column)
2025-05-02 13:22:49,038 - INFO -   - community building. (VOLUNTEER, single column)
2025-05-02 13:22:49,038 - INFO -   - Ecommerce (None, single column)
2025-05-02 13:22:49,038 - INFO -   - Proficient in (None, single column)
2025-05-02 13:22:49,038 - INFO -   - Academic and Extracurricular Achievements (AWARDS, single column)
2025-05-02 13:22:49,038 - INFO -   - Clubs. (None, single column)
2025-05-02 13:22:49,038 - INFO -   - backend, and database management. (LEADERSHIP, single column)
2025-05-02 13:22:49,038 - INFO -   - customer churn, and building recommendation systems. (None, single column)
2025-05-02 13:22:49,040 - INFO - Extracted 6 sections
2025-05-02 13:22:49,059 - INFO - Annotated PDF saved to: resume/Vinod_s_Resume_sections_highlighted.pdf
2025-05-02 13:22:49,060 - INFO - 
Extracted Section Content:
2025-05-02 13:22:49,060 - INFO - =========================
2025-05-02 13:22:49,060 - INFO - 
None:
2025-05-02 13:22:49,060 - ERROR - Error parsing resume resume/Vinod_s_Resume.pdf: object of type 'NoneType' has no len()
2025-05-02 13:22:49,060 - ERROR - Traceback (most recent call last):
  File "/Users/tanishvardhineni/Downloads/ats-algo/resume-horizontal-v2.py", line 901, in parse_resume
    logger.info("-" * len(section_type))
TypeError: object of type 'NoneType' has no len()

2025-05-02 13:22:49,060 - INFO - 
Processing file 12/15: Monish Muskar Resume (2).pdf
2025-05-02 13:22:49,060 - INFO - Processing resume: resume/Monish Muskar Resume (2).pdf
2025-05-02 13:22:49,089 - INFO - Extracted 73 text elements
2025-05-02 13:22:49,089 - INFO - Font metrics analysis:
2025-05-02 13:22:49,089 - INFO -   - Median size: 8.00
2025-05-02 13:22:49,089 - INFO -   - Heading size threshold: 30.00
2025-05-02 13:22:49,091 - INFO - Layout orientation: Vertical
2025-05-02 13:22:49,092 - INFO - Layout analysis: Single-column
2025-05-02 13:22:49,092 - INFO - Column divider at x-coordinate: 357.3
2025-05-02 13:22:49,095 - INFO - Identified 13 section headings:
2025-05-02 13:22:49,095 - INFO -   - E D U C A T I O N (EDUCATION, single column)
2025-05-02 13:22:49,095 - INFO -   - M O N I S H  M U S K A R (None, single column)
2025-05-02 13:22:49,095 - INFO -   - C A R E E R  O B J E C T I V E (SUMMARY, single column)
2025-05-02 13:22:49,095 - INFO -   - m u s k a rmonish@gmail.com T (None, single column)
2025-05-02 13:22:49,095 - INFO -   - S t t p s ://www.linkedin.com/in/monish-muskar/ (None, single column)
2025-05-02 13:22:49,095 - INFO -   - IOT based posture detector chair (None, single column)
2025-05-02 13:22:49,095 - INFO -   - https://www (None, single column)
2025-05-02 13:22:49,096 - INFO -   - Secondary (X) CBSE (None, single column)
2025-05-02 13:22:49,096 - INFO -   - AICTE MathWorks virtual internship on Artificial Intelligence (None, single column)
2025-05-02 13:22:49,096 - INFO -   - E n g l i s h ,  Telugu, Hindi (None, single column)
2025-05-02 13:22:49,096 - INFO -   - College club website (None, single column)
2025-05-02 13:22:49,096 - INFO -   - echnical Skills: (SKILLS, single column)
2025-05-02 13:22:49,096 - INFO -   - Portfolio page: A personal portfolio page developed using MEAN stack that serves as a digital showcase of my work, skills, achievements, projects, resume, and contact information. (None, single column)
2025-05-02 13:22:49,096 - INFO - Extracted 2 sections
2025-05-02 13:22:49,109 - INFO - Annotated PDF saved to: resume/Monish Muskar Resume (2)_sections_highlighted.pdf
2025-05-02 13:22:49,109 - INFO - 
Extracted Section Content:
2025-05-02 13:22:49,109 - INFO - =========================
2025-05-02 13:22:49,109 - INFO - 
None:
2025-05-02 13:22:49,109 - ERROR - Error parsing resume resume/Monish Muskar Resume (2).pdf: object of type 'NoneType' has no len()
2025-05-02 13:22:49,109 - ERROR - Traceback (most recent call last):
  File "/Users/tanishvardhineni/Downloads/ats-algo/resume-horizontal-v2.py", line 901, in parse_resume
    logger.info("-" * len(section_type))
TypeError: object of type 'NoneType' has no len()

2025-05-02 13:22:49,110 - INFO - 
Processing file 13/15: CV - Yamuna Devi.pdf
2025-05-02 13:22:49,110 - INFO - Processing resume: resume/CV - Yamuna Devi.pdf
2025-05-02 13:22:49,122 - INFO - Extracted 65 text elements
2025-05-02 13:22:49,122 - INFO - Font metrics analysis:
2025-05-02 13:22:49,122 - INFO -   - Median size: 10.50
2025-05-02 13:22:49,122 - INFO -   - Heading size threshold: 10.50
2025-05-02 13:22:49,123 - WARNING - CropBox missing from /Page, defaulting to MediaBox
2025-05-02 13:22:49,124 - WARNING - CropBox missing from /Page, defaulting to MediaBox
2025-05-02 13:22:49,124 - INFO - Layout orientation: Vertical
2025-05-02 13:22:49,125 - WARNING - CropBox missing from /Page, defaulting to MediaBox
2025-05-02 13:22:49,125 - WARNING - CropBox missing from /Page, defaulting to MediaBox
2025-05-02 13:22:49,125 - INFO - Layout analysis: Single-column
2025-05-02 13:22:49,125 - INFO - Column divider at x-coordinate: 356.975976
2025-05-02 13:22:49,127 - INFO - Identified 17 section headings:
2025-05-02 13:22:49,127 - INFO -   - YAMUNA DEVI E (None, single column)
2025-05-02 13:22:49,127 - INFO -   - EDUCATION (EDUCATION, single column)
2025-05-02 13:22:49,127 - INFO -   - PROJECTS (PROJECTS, single column)
2025-05-02 13:22:49,127 - INFO -   - PROFILE (CONTACT, single column)
2025-05-02 13:22:49,127 - INFO -   - SKILLS (SKILLS, single column)
2025-05-02 13:22:49,128 - INFO -   - LANGUAGES (LANGUAGES, single column)
2025-05-02 13:22:49,128 - INFO -   - CERTIFICATES (None, single column)
2025-05-02 13:22:49,128 - INFO -   - STRENGTH (None, single column)
2025-05-02 13:22:49,128 - INFO -   - new concepts quickly. (None, single column)
2025-05-02 13:22:49,128 - INFO -   - Responsive Web Design Certification (CERTIFICATIONS, single column)
2025-05-02 13:22:49,128 - INFO -   - YAMUNA DEVI E (None, single column)
2025-05-02 13:22:49,128 - INFO -   - Pass Out With 82% (None, single column)
2025-05-02 13:22:49,128 - INFO -   - Forentend, (None, single column)
2025-05-02 13:22:49,128 - INFO -   - Html / Css (None, single column)
2025-05-02 13:22:49,128 - INFO -   - present (None, single column)
2025-05-02 13:22:49,128 - INFO -   - Fast Learner (None, single column)
2025-05-02 13:22:49,128 - INFO -   - linkedin.com/in/yamuna-devi-18206a311 (None, single column)
2025-05-02 13:22:49,130 - INFO - Extracted 3 sections
2025-05-02 13:22:49,147 - INFO - Annotated PDF saved to: resume/CV - Yamuna Devi_sections_highlighted.pdf
2025-05-02 13:22:49,147 - INFO - 
Extracted Section Content:
2025-05-02 13:22:49,147 - INFO - =========================
2025-05-02 13:22:49,147 - INFO - 
None:
2025-05-02 13:22:49,147 - ERROR - Error parsing resume resume/CV - Yamuna Devi.pdf: object of type 'NoneType' has no len()
2025-05-02 13:22:49,147 - ERROR - Traceback (most recent call last):
  File "/Users/tanishvardhineni/Downloads/ats-algo/resume-horizontal-v2.py", line 901, in parse_resume
    logger.info("-" * len(section_type))
TypeError: object of type 'NoneType' has no len()

2025-05-02 13:22:49,147 - INFO - 
Processing file 14/15: Resumee.pdf
2025-05-02 13:22:49,147 - INFO - Processing resume: resume/Resumee.pdf
2025-05-02 13:22:49,176 - INFO - Extracted 188 text elements
2025-05-02 13:22:49,176 - INFO - Font metrics analysis:
2025-05-02 13:22:49,176 - INFO -   - Median size: 10.00
2025-05-02 13:22:49,176 - INFO -   - Heading size threshold: 26.00
2025-05-02 13:22:49,177 - WARNING - CropBox missing from /Page, defaulting to MediaBox
2025-05-02 13:22:49,177 - WARNING - CropBox missing from /Page, defaulting to MediaBox
2025-05-02 13:22:49,177 - INFO - Layout orientation: Vertical
2025-05-02 13:22:49,178 - WARNING - CropBox missing from /Page, defaulting to MediaBox
2025-05-02 13:22:49,178 - WARNING - CropBox missing from /Page, defaulting to MediaBox
2025-05-02 13:22:49,178 - INFO - Layout analysis: Single-column
2025-05-02 13:22:49,178 - INFO - Column divider at x-coordinate: 357.16799999999995
2025-05-02 13:22:49,190 - INFO - Identified 18 section headings:
2025-05-02 13:22:49,190 - INFO -   - EDUCATION (EDUCATION, single column)
2025-05-02 13:22:49,190 - INFO -   - SKILLS (SKILLS, single column)
2025-05-02 13:22:49,190 - INFO -   - OPERATING SYSTEMS (None, single column)
2025-05-02 13:22:49,190 - INFO -   - FUNDAMENTAL CONCEPTS (None, single column)
2025-05-02 13:22:49,190 - INFO -   - LANGUAGES (LANGUAGES, single column)
2025-05-02 13:22:49,190 - INFO -   - EXTRACIRCULUAR (None, single column)
2025-05-02 13:22:49,190 - INFO -   - Shruti Kandagatla (None, single column)
2025-05-02 13:22:49,190 - INFO -   - EXPERIENCE (EXPERIENCE, single column)
2025-05-02 13:22:49,190 - INFO -   - CERTIFICATIONS (CERTIFICATIONS, single column)
2025-05-02 13:22:49,190 - INFO -   - PROJECTS (PROJECTS, single column)
2025-05-02 13:22:49,190 - INFO -   - Anurag University : Hyderabad (None, single column)
2025-05-02 13:22:49,190 - INFO -   - Gatik Junior College : Hyderabad (None, single column)
2025-05-02 13:22:49,190 - INFO -   - Amrita Vidyalayam : Hyderabad (None, single column)
2025-05-02 13:22:49,190 - INFO -   - SafeStep: Intelligent Wearable Sensors to Prevent Falls among Seniors: (None, single column)
2025-05-02 13:22:49,190 - INFO -   - Education. (EDUCATION, single column)
2025-05-02 13:22:49,190 - INFO -   - LiteraZe society, University club (None, single column)
2025-05-02 13:22:49,190 - INFO -   - Python (None, single column)
2025-05-02 13:22:49,190 - INFO -   - English : Proficient (None, single column)
2025-05-02 13:22:49,194 - INFO - Extracted 4 sections
2025-05-02 13:22:49,210 - INFO - Annotated PDF saved to: resume/Resumee_sections_highlighted.pdf
2025-05-02 13:22:49,211 - INFO - 
Extracted Section Content:
2025-05-02 13:22:49,211 - INFO - =========================
2025-05-02 13:22:49,211 - INFO - 
None:
2025-05-02 13:22:49,211 - ERROR - Error parsing resume resume/Resumee.pdf: object of type 'NoneType' has no len()
2025-05-02 13:22:49,211 - ERROR - Traceback (most recent call last):
  File "/Users/tanishvardhineni/Downloads/ats-algo/resume-horizontal-v2.py", line 901, in parse_resume
    logger.info("-" * len(section_type))
TypeError: object of type 'NoneType' has no len()

2025-05-02 13:22:49,211 - INFO - 
Processing file 15/15: Resume_Arjun - Arjun Aggarwal 24BEE0051.pdf
2025-05-02 13:22:49,211 - INFO - Processing resume: resume/Resume_Arjun - Arjun Aggarwal 24BEE0051.pdf
2025-05-02 13:22:49,537 - INFO - Extracted 0 text elements
2025-05-02 13:22:49,537 - ERROR - No text elements found in resume/Resume_Arjun - Arjun Aggarwal 24BEE0051.pdf
2025-05-02 13:22:49,538 - INFO - 
Processing complete. Results saved to resume/_output
2025-05-02 13:22:49,538 - INFO - Summary file created at resume/_output/processing_summary.txt
